#
# There is insufficient memory for the Java Runtime Environment to continue.
# Native memory allocation (mmap) failed to map 58720256 bytes for G1 virtual space
# Possible reasons:
#   The system is out of physical RAM or swap space
#   The process is running with CompressedOops enabled, and the Java Heap may be blocking the growth of the native heap
# Possible solutions:
#   Reduce memory load on the system
#   Increase physical memory or swap space
#   Check if swap backing store is full
#   Decrease Java heap size (-Xmx/-Xms)
#   Decrease number of Java threads
#   Decrease Java thread stack sizes (-Xss)
#   Set larger code cache with -XX:ReservedCodeCacheSize=
#   JVM is running with Zero Based Compressed Oops mode in which the Java heap is
#     placed in the first 32GB address space. The Java Heap base address is the
#     maximum limit for the native heap growth. Please use -XX:HeapBaseMinAddress
#     to set the Java Heap base and to place the Java Heap above 32GB virtual address.
# This output file may be truncated or incomplete.
#
#  Out of Memory Error (os_windows.cpp:3536), pid=19316, tid=19380
#
# JRE version: OpenJDK Runtime Environment Temurin-19.0.2+7 (19.0.2+7) (build 19.0.2+7)
# Java VM: OpenJDK 64-Bit Server VM Temurin-19.0.2+7 (19.0.2+7, mixed mode, tiered, compressed oops, compressed class ptrs, g1 gc, windows-amd64)
# No core dump will be written. Minidumps are not enabled by default on client versions of Windows
#

---------------  S U M M A R Y ------------

Command Line: -Dfile.encoding=UTF-8 -XX:+ShowCodeDetailsInExceptionMessages com.bibleapp.bibleproject.BibleProjectApplication

Host: Intel(R) Core(TM) i7-8750H CPU @ 2.20GHz, 12 cores, 15G,  Windows 11 , 64 bit Build 22621 (10.0.22621.3085)
Time: Thu Feb 29 22:30:16 2024 India Standard Time elapsed time: 3199.833471 seconds (0d 0h 53m 19s)

---------------  T H R E A D  ---------------

Current thread (0x0000013d1557ea10):  VMThread "VM Thread" [stack: 0x0000001887700000,0x0000001887800000] [id=19380]

Stack: [0x0000001887700000,0x0000001887800000]
Native frames: (J=compiled Java code, j=interpreted, Vv=VM code, C=native code)
V  [jvm.dll+0x6e9e1a]
V  [jvm.dll+0x8a36c0]
V  [jvm.dll+0x8a50ae]
V  [jvm.dll+0x8a5763]
V  [jvm.dll+0x27bcdf]
V  [jvm.dll+0x6e6b39]
V  [jvm.dll+0x6db58a]
V  [jvm.dll+0x35267b]
V  [jvm.dll+0x35a106]
V  [jvm.dll+0x3b070e]
V  [jvm.dll+0x3b093f]
V  [jvm.dll+0x327c4a]
V  [jvm.dll+0x327cf7]
V  [jvm.dll+0x370332]
V  [jvm.dll+0x36e7d4]
V  [jvm.dll+0x327410]
V  [jvm.dll+0x36dd6b]
V  [jvm.dll+0x8aa883]
V  [jvm.dll+0x8ab649]
V  [jvm.dll+0x8abb7c]
V  [jvm.dll+0x8ac00b]
V  [jvm.dll+0x8ac0c7]
V  [jvm.dll+0x84de3a]
V  [jvm.dll+0x6e8abb]
C  [ucrtbase.dll+0x29363]
C  [KERNEL32.DLL+0x1257d]
C  [ntdll.dll+0x5aa58]

VM_Operation (0x0000001889bfbc30): G1CollectForAllocation, mode: safepoint, requested by thread 0x0000013d1bc3d950


---------------  P R O C E S S  ---------------

Threads class SMR info:
_java_thread_list=0x0000013d1a1bfd60, length=31, elements={
0x0000013d19892430, 0x0000013d19892e30, 0x0000013d19894c80, 0x0000013d19873590,
0x0000013d19873ad0, 0x0000013d198998d0, 0x0000013d198a1230, 0x0000013d198accc0,
0x0000013d198cf260, 0x0000013d19a3e720, 0x0000013d19a49350, 0x0000013d1bc3ee90,
0x0000013d1bc3e3f0, 0x0000013d1bc3e940, 0x0000013d1bc3f3e0, 0x0000013d1bc3bec0,
0x0000013d1bc3d400, 0x0000013d1bc3dea0, 0x0000013d1bc3d950, 0x0000013d2097fce0,
0x0000013d20981770, 0x0000013d2097ecf0, 0x0000013d2097f240, 0x0000013d2097bd20,
0x0000013d20981220, 0x0000013d2097d7b0, 0x0000013d20982760, 0x0000013d2097c270,
0x0000013d2097e7a0, 0x0000013d20980cd0, 0x0000013d20981cc0
}

Java Threads: ( => current thread )
  0x0000013d19892430 JavaThread "Reference Handler" daemon [_thread_blocked, id=17052, stack(0x0000001887800000,0x0000001887900000)]
  0x0000013d19892e30 JavaThread "Finalizer" daemon [_thread_blocked, id=12400, stack(0x0000001887900000,0x0000001887a00000)]
  0x0000013d19894c80 JavaThread "Signal Dispatcher" daemon [_thread_blocked, id=12380, stack(0x0000001887a00000,0x0000001887b00000)]
  0x0000013d19873590 JavaThread "Attach Listener" daemon [_thread_blocked, id=18388, stack(0x0000001887b00000,0x0000001887c00000)]
  0x0000013d19873ad0 JavaThread "Service Thread" daemon [_thread_blocked, id=22420, stack(0x0000001887c00000,0x0000001887d00000)]
  0x0000013d198998d0 JavaThread "Monitor Deflation Thread" daemon [_thread_blocked, id=14832, stack(0x0000001887d00000,0x0000001887e00000)]
  0x0000013d198a1230 JavaThread "C2 CompilerThread0" daemon [_thread_blocked, id=18908, stack(0x0000001887e00000,0x0000001887f00000)]
  0x0000013d198accc0 JavaThread "C1 CompilerThread0" daemon [_thread_blocked, id=22388, stack(0x0000001887f00000,0x0000001888000000)]
  0x0000013d198cf260 JavaThread "Sweeper thread" daemon [_thread_blocked, id=19804, stack(0x0000001888000000,0x0000001888100000)]
  0x0000013d19a3e720 JavaThread "Notification Thread" daemon [_thread_blocked, id=11876, stack(0x0000001888100000,0x0000001888200000)]
  0x0000013d19a49350 JavaThread "Common-Cleaner" daemon [_thread_blocked, id=23104, stack(0x0000001888300000,0x0000001888400000)]
  0x0000013d1bc3ee90 JavaThread "Catalina-utility-1" [_thread_blocked, id=22168, stack(0x0000001888c00000,0x0000001888d00000)]
  0x0000013d1bc3e3f0 JavaThread "Catalina-utility-2" [_thread_blocked, id=11084, stack(0x0000001889300000,0x0000001889400000)]
  0x0000013d1bc3e940 JavaThread "container-0" [_thread_blocked, id=17868, stack(0x0000001889500000,0x0000001889600000)]
  0x0000013d1bc3f3e0 JavaThread "mysql-cj-abandoned-connection-cleanup" daemon [_thread_blocked, id=10380, stack(0x0000001889600000,0x0000001889700000)]
  0x0000013d1bc3bec0 JavaThread "HikariPool-1 housekeeper" daemon [_thread_blocked, id=22152, stack(0x0000001889800000,0x0000001889900000)]
  0x0000013d1bc3d400 JavaThread "File Watcher" daemon [_thread_blocked, id=11116, stack(0x0000001889a00000,0x0000001889b00000)]
  0x0000013d1bc3dea0 JavaThread "Live Reload Server" daemon [_thread_in_native, id=1760, stack(0x0000001889c00000,0x0000001889d00000)]
  0x0000013d1bc3d950 JavaThread "http-nio-8080-exec-1" daemon [_thread_blocked, id=7968, stack(0x0000001889b00000,0x0000001889c00000)]
  0x0000013d2097fce0 JavaThread "http-nio-8080-exec-2" daemon [_thread_blocked, id=17820, stack(0x0000001889d00000,0x0000001889e00000)]
  0x0000013d20981770 JavaThread "http-nio-8080-exec-3" daemon [_thread_blocked, id=21252, stack(0x0000001889e00000,0x0000001889f00000)]
  0x0000013d2097ecf0 JavaThread "http-nio-8080-exec-4" daemon [_thread_blocked, id=6112, stack(0x0000001889f00000,0x000000188a000000)]
  0x0000013d2097f240 JavaThread "http-nio-8080-exec-5" daemon [_thread_blocked, id=11468, stack(0x000000188a000000,0x000000188a100000)]
  0x0000013d2097bd20 JavaThread "http-nio-8080-exec-6" daemon [_thread_blocked, id=23404, stack(0x000000188a100000,0x000000188a200000)]
  0x0000013d20981220 JavaThread "http-nio-8080-exec-7" daemon [_thread_blocked, id=5620, stack(0x000000188a200000,0x000000188a300000)]
  0x0000013d2097d7b0 JavaThread "http-nio-8080-exec-8" daemon [_thread_blocked, id=10088, stack(0x000000188a300000,0x000000188a400000)]
  0x0000013d20982760 JavaThread "http-nio-8080-exec-9" daemon [_thread_blocked, id=22472, stack(0x000000188a400000,0x000000188a500000)]
  0x0000013d2097c270 JavaThread "http-nio-8080-exec-10" daemon [_thread_blocked, id=8060, stack(0x000000188a500000,0x000000188a600000)]
  0x0000013d2097e7a0 JavaThread "http-nio-8080-Poller" daemon [_thread_in_native, id=23540, stack(0x000000188a600000,0x000000188a700000)]
  0x0000013d20980cd0 JavaThread "http-nio-8080-Acceptor" daemon [_thread_in_native, id=22360, stack(0x000000188a700000,0x000000188a800000)]
  0x0000013d20981cc0 JavaThread "DestroyJavaVM" [_thread_blocked, id=9036, stack(0x0000001887100000,0x0000001887200000)]

Other Threads:
=>0x0000013d1557ea10 VMThread "VM Thread" [stack: 0x0000001887700000,0x0000001887800000] [id=19380]
  0x0000013d19a3ec60 WatcherThread "VM Periodic Task Thread" [stack: 0x0000001888200000,0x0000001888300000] [id=11192]
  0x0000013d7646e7c0 WorkerThread "GC Thread#0" [stack: 0x0000001887200000,0x0000001887300000] [id=8552]
  0x0000013d1a9d3880 WorkerThread "GC Thread#1" [stack: 0x0000001888700000,0x0000001888800000] [id=1964]
  0x0000013d1a05f390 WorkerThread "GC Thread#2" [stack: 0x0000001888800000,0x0000001888900000] [id=22280]
  0x0000013d1a060040 WorkerThread "GC Thread#3" [stack: 0x0000001888900000,0x0000001888a00000] [id=2348]
  0x0000013d1a96de20 WorkerThread "GC Thread#4" [stack: 0x0000001888a00000,0x0000001888b00000] [id=16596]
  0x0000013d1a96c4d0 WorkerThread "GC Thread#5" [stack: 0x0000001888b00000,0x0000001888c00000] [id=23408]
  0x0000013d1a96db50 WorkerThread "GC Thread#6" [stack: 0x0000001888d00000,0x0000001888e00000] [id=22204]
  0x0000013d1a96d010 WorkerThread "GC Thread#7" [stack: 0x0000001888e00000,0x0000001888f00000] [id=22164]
  0x0000013d1a96ca70 WorkerThread "GC Thread#8" [stack: 0x0000001888f00000,0x0000001889000000] [id=22200]
  0x0000013d1a96e0f0 WorkerThread "GC Thread#9" [stack: 0x0000001889000000,0x0000001889100000] [id=22208]
  0x0000013d7647f590 ConcurrentGCThread "G1 Main Marker" [stack: 0x0000001887300000,0x0000001887400000] [id=2660]
  0x0000013d76480760 WorkerThread "G1 Conc#0" [stack: 0x0000001887400000,0x0000001887500000] [id=3596]
  0x0000013d1a96d880 WorkerThread "G1 Conc#1" [stack: 0x0000001889100000,0x0000001889200000] [id=22140]
  0x0000013d1a96cd40 WorkerThread "G1 Conc#2" [stack: 0x0000001889200000,0x0000001889300000] [id=18776]
  0x0000013d153f1010 ConcurrentGCThread "G1 Refine#0" [stack: 0x0000001887500000,0x0000001887600000] [id=22404]
  0x0000013d153f1760 ConcurrentGCThread "G1 Service" [stack: 0x0000001887600000,0x0000001887700000] [id=21324]

Threads with active compile tasks:

VM state: at safepoint (normal execution)

VM Mutex/Monitor currently owned by a thread:  ([mutex/lock_event])
[0x0000013d763f6210] Threads_lock - owner thread: 0x0000013d1557ea10
[0x0000013d763f6a80] Heap_lock - owner thread: 0x0000013d1bc3d950

Heap address: 0x0000000703200000, size: 4046 MB, Compressed Oops mode: Zero based, Oop shift amount: 3

CDS archive(s) not mapped
Compressed class space mapped at: 0x0000000800000000-0x0000000840000000, reserved size: 1073741824
Narrow klass base: 0x0000000800000000, Narrow klass shift: 0, Narrow klass range: 0x40000000

GC Precious Log:
 CardTable entry size: 512
 Card Set container configuration: InlinePtr #cards 4 size 8 Array Of Cards #cards 16 size 48 Howl #buckets 8 coarsen threshold 3686 Howl Bitmap #cards 512 size 80 coarsen threshold 460 Card regions per heap region 1 cards per card region 4096
 CPUs: 12 total, 12 available
 Memory: 16178M
 Large Page Support: Disabled
 NUMA Support: Disabled
 Compressed Oops: Enabled (Zero based)
 Heap Region Size: 2M
 Heap Min Capacity: 8M
 Heap Initial Capacity: 254M
 Heap Max Capacity: 4046M
 Pre-touch: Disabled
 Parallel Workers: 10
 Concurrent Workers: 3
 Concurrent Refinement Workers: 10
 Periodic GC: Disabled

Heap:
 garbage-first heap   total 278528K, used 36984K [0x0000000703200000, 0x0000000800000000)
  region size 2048K, 1 young (2048K), 1 survivors (2048K)
 Metaspace       used 82743K, committed 83456K, reserved 1179648K
  class space    used 10142K, committed 10496K, reserved 1048576K

Heap Regions: E=young(eden), S=young(survivor), O=old, HS=humongous(starts), HC=humongous(continues), CS=collection set, F=free, OA=open archive, CA=closed archive, TAMS=top-at-mark-start (previous, next)
|   0|0x0000000703200000, 0x0000000703400000, 0x0000000703400000|100%| O|  |TAMS 0x0000000703400000, 0x0000000703200000| Untracked 
|   1|0x0000000703400000, 0x0000000703600000, 0x0000000703600000|100%| O|  |TAMS 0x0000000703600000, 0x0000000703400000| Untracked 
|   2|0x0000000703600000, 0x00000007037fb000, 0x0000000703800000| 99%| O|  |TAMS 0x00000007037fb000, 0x0000000703600000| Untracked 
|   3|0x0000000703800000, 0x0000000703a00000, 0x0000000703a00000|100%| O|  |TAMS 0x0000000703a00000, 0x0000000703800000| Untracked 
|   4|0x0000000703a00000, 0x0000000703c00000, 0x0000000703c00000|100%| O|  |TAMS 0x0000000703c00000, 0x0000000703a00000| Untracked 
|   5|0x0000000703c00000, 0x0000000703e00000, 0x0000000703e00000|100%| O|  |TAMS 0x0000000703e00000, 0x0000000703c00000| Untracked 
|   6|0x0000000703e00000, 0x0000000704000000, 0x0000000704000000|100%| O|  |TAMS 0x0000000704000000, 0x0000000703e00000| Untracked 
|   7|0x0000000704000000, 0x0000000704200000, 0x0000000704200000|100%| O|  |TAMS 0x0000000704000000, 0x0000000704000000| Untracked 
|   8|0x0000000704200000, 0x0000000704400000, 0x0000000704400000|100%| O|  |TAMS 0x0000000704400000, 0x0000000704200000| Untracked 
|   9|0x0000000704400000, 0x0000000704600000, 0x0000000704600000|100%| O|  |TAMS 0x0000000704600000, 0x0000000704400000| Untracked 
|  10|0x0000000704600000, 0x0000000704800000, 0x0000000704800000|100%| O|  |TAMS 0x0000000704800000, 0x0000000704600000| Untracked 
|  11|0x0000000704800000, 0x0000000704a00000, 0x0000000704a00000|100%| O|  |TAMS 0x0000000704a00000, 0x0000000704800000| Untracked 
|  12|0x0000000704a00000, 0x0000000704c00000, 0x0000000704c00000|100%| O|  |TAMS 0x0000000704af3c00, 0x0000000704a00000| Untracked 
|  13|0x0000000704c00000, 0x0000000704e00000, 0x0000000704e00000|100%| O|  |TAMS 0x0000000704c00000, 0x0000000704c00000| Untracked 
|  14|0x0000000704e00000, 0x0000000705000000, 0x0000000705000000|100%| O|  |TAMS 0x0000000704e00000, 0x0000000704e00000| Untracked 
|  15|0x0000000705000000, 0x0000000705200000, 0x0000000705200000|100%| O|  |TAMS 0x0000000705000000, 0x0000000705000000| Untracked 
|  16|0x0000000705200000, 0x0000000705400000, 0x0000000705400000|100%| O|  |TAMS 0x0000000705200000, 0x0000000705200000| Untracked 
|  17|0x0000000705400000, 0x0000000705431e00, 0x0000000705600000|  9%| O|  |TAMS 0x0000000705400000, 0x0000000705400000| Untracked 
|  18|0x0000000705600000, 0x0000000705600000, 0x0000000705800000|  0%| F|  |TAMS 0x0000000705600000, 0x0000000705600000| Untracked 
|  19|0x0000000705800000, 0x0000000705800000, 0x0000000705a00000|  0%| F|  |TAMS 0x0000000705800000, 0x0000000705800000| Untracked 
|  20|0x0000000705a00000, 0x0000000705a00000, 0x0000000705c00000|  0%| F|  |TAMS 0x0000000705a00000, 0x0000000705a00000| Untracked 
|  21|0x0000000705c00000, 0x0000000705c00000, 0x0000000705e00000|  0%| F|  |TAMS 0x0000000705c00000, 0x0000000705c00000| Untracked 
|  22|0x0000000705e00000, 0x0000000705e00000, 0x0000000706000000|  0%| F|  |TAMS 0x0000000705e00000, 0x0000000705e00000| Untracked 
|  23|0x0000000706000000, 0x0000000706000000, 0x0000000706200000|  0%| F|  |TAMS 0x0000000706000000, 0x0000000706000000| Untracked 
|  24|0x0000000706200000, 0x0000000706200000, 0x0000000706400000|  0%| F|  |TAMS 0x0000000706200000, 0x0000000706200000| Untracked 
|  25|0x0000000706400000, 0x0000000706400000, 0x0000000706600000|  0%| F|  |TAMS 0x0000000706400000, 0x0000000706400000| Untracked 
|  26|0x0000000706600000, 0x0000000706600000, 0x0000000706800000|  0%| F|  |TAMS 0x0000000706600000, 0x0000000706600000| Untracked 
|  27|0x0000000706800000, 0x0000000706800000, 0x0000000706a00000|  0%| F|  |TAMS 0x0000000706800000, 0x0000000706800000| Untracked 
|  28|0x0000000706a00000, 0x0000000706a00000, 0x0000000706c00000|  0%| F|  |TAMS 0x0000000706a00000, 0x0000000706a00000| Untracked 
|  29|0x0000000706c00000, 0x0000000706c00000, 0x0000000706e00000|  0%| F|  |TAMS 0x0000000706c00000, 0x0000000706c00000| Untracked 
|  30|0x0000000706e00000, 0x0000000706e00000, 0x0000000707000000|  0%| F|  |TAMS 0x0000000706e00000, 0x0000000706e00000| Untracked 
|  31|0x0000000707000000, 0x0000000707000000, 0x0000000707200000|  0%| F|  |TAMS 0x0000000707000000, 0x0000000707000000| Untracked 
|  32|0x0000000707200000, 0x0000000707200000, 0x0000000707400000|  0%| F|  |TAMS 0x0000000707200000, 0x0000000707200000| Untracked 
|  33|0x0000000707400000, 0x0000000707400000, 0x0000000707600000|  0%| F|  |TAMS 0x0000000707400000, 0x0000000707400000| Untracked 
|  34|0x0000000707600000, 0x0000000707600000, 0x0000000707800000|  0%| F|  |TAMS 0x0000000707600000, 0x0000000707600000| Untracked 
|  35|0x0000000707800000, 0x0000000707800000, 0x0000000707a00000|  0%| F|  |TAMS 0x0000000707800000, 0x0000000707800000| Untracked 
|  36|0x0000000707a00000, 0x0000000707a00000, 0x0000000707c00000|  0%| F|  |TAMS 0x0000000707a00000, 0x0000000707a00000| Untracked 
|  37|0x0000000707c00000, 0x0000000707c00000, 0x0000000707e00000|  0%| F|  |TAMS 0x0000000707c00000, 0x0000000707c00000| Untracked 
|  38|0x0000000707e00000, 0x0000000707e00000, 0x0000000708000000|  0%| F|  |TAMS 0x0000000707e00000, 0x0000000707e00000| Untracked 
|  39|0x0000000708000000, 0x0000000708000000, 0x0000000708200000|  0%| F|  |TAMS 0x0000000708000000, 0x0000000708000000| Untracked 
|  40|0x0000000708200000, 0x0000000708200000, 0x0000000708400000|  0%| F|  |TAMS 0x0000000708200000, 0x0000000708200000| Untracked 
|  41|0x0000000708400000, 0x0000000708400000, 0x0000000708600000|  0%| F|  |TAMS 0x0000000708400000, 0x0000000708400000| Untracked 
|  42|0x0000000708600000, 0x0000000708600000, 0x0000000708800000|  0%| F|  |TAMS 0x0000000708600000, 0x0000000708600000| Untracked 
|  43|0x0000000708800000, 0x0000000708800000, 0x0000000708a00000|  0%| F|  |TAMS 0x0000000708800000, 0x0000000708800000| Untracked 
|  44|0x0000000708a00000, 0x0000000708a00000, 0x0000000708c00000|  0%| F|  |TAMS 0x0000000708a00000, 0x0000000708a00000| Untracked 
|  45|0x0000000708c00000, 0x0000000708c00000, 0x0000000708e00000|  0%| F|  |TAMS 0x0000000708c00000, 0x0000000708c00000| Untracked 
|  46|0x0000000708e00000, 0x0000000708e00000, 0x0000000709000000|  0%| F|  |TAMS 0x0000000708e00000, 0x0000000708e00000| Untracked 
|  47|0x0000000709000000, 0x0000000709000000, 0x0000000709200000|  0%| F|  |TAMS 0x0000000709000000, 0x0000000709000000| Untracked 
|  48|0x0000000709200000, 0x0000000709200000, 0x0000000709400000|  0%| F|  |TAMS 0x0000000709200000, 0x0000000709200000| Untracked 
|  49|0x0000000709400000, 0x0000000709400000, 0x0000000709600000|  0%| F|  |TAMS 0x0000000709400000, 0x0000000709400000| Untracked 
|  50|0x0000000709600000, 0x0000000709600000, 0x0000000709800000|  0%| F|  |TAMS 0x0000000709600000, 0x0000000709600000| Untracked 
|  51|0x0000000709800000, 0x0000000709800000, 0x0000000709a00000|  0%| F|  |TAMS 0x0000000709800000, 0x0000000709800000| Untracked 
|  52|0x0000000709a00000, 0x0000000709a00000, 0x0000000709c00000|  0%| F|  |TAMS 0x0000000709a00000, 0x0000000709a00000| Untracked 
|  53|0x0000000709c00000, 0x0000000709c00000, 0x0000000709e00000|  0%| F|  |TAMS 0x0000000709c00000, 0x0000000709c00000| Untracked 
|  54|0x0000000709e00000, 0x0000000709e00000, 0x000000070a000000|  0%| F|  |TAMS 0x0000000709e00000, 0x0000000709e00000| Untracked 
|  55|0x000000070a000000, 0x000000070a000000, 0x000000070a200000|  0%| F|  |TAMS 0x000000070a000000, 0x000000070a000000| Untracked 
|  56|0x000000070a200000, 0x000000070a200000, 0x000000070a400000|  0%| F|  |TAMS 0x000000070a200000, 0x000000070a200000| Untracked 
|  57|0x000000070a400000, 0x000000070a400000, 0x000000070a600000|  0%| F|  |TAMS 0x000000070a400000, 0x000000070a400000| Untracked 
|  58|0x000000070a600000, 0x000000070a600000, 0x000000070a800000|  0%| F|  |TAMS 0x000000070a600000, 0x000000070a600000| Untracked 
|  59|0x000000070a800000, 0x000000070a800000, 0x000000070aa00000|  0%| F|  |TAMS 0x000000070a800000, 0x000000070a800000| Untracked 
|  60|0x000000070aa00000, 0x000000070abf1568, 0x000000070ac00000| 97%| S|CS|TAMS 0x000000070aa00000, 0x000000070aa00000| Complete 
|  61|0x000000070ac00000, 0x000000070ac00000, 0x000000070ae00000|  0%| F|  |TAMS 0x000000070ac00000, 0x000000070ac00000| Untracked 
|  62|0x000000070ae00000, 0x000000070ae00000, 0x000000070b000000|  0%| F|  |TAMS 0x000000070ae00000, 0x000000070ae00000| Untracked 
|  63|0x000000070b000000, 0x000000070b000000, 0x000000070b200000|  0%| F|  |TAMS 0x000000070b000000, 0x000000070b000000| Untracked 
|  64|0x000000070b200000, 0x000000070b200000, 0x000000070b400000|  0%| F|  |TAMS 0x000000070b200000, 0x000000070b200000| Untracked 
|  65|0x000000070b400000, 0x000000070b400000, 0x000000070b600000|  0%| F|  |TAMS 0x000000070b400000, 0x000000070b400000| Untracked 
|  66|0x000000070b600000, 0x000000070b600000, 0x000000070b800000|  0%| F|  |TAMS 0x000000070b600000, 0x000000070b600000| Untracked 
|  67|0x000000070b800000, 0x000000070b800000, 0x000000070ba00000|  0%| F|  |TAMS 0x000000070b800000, 0x000000070b800000| Untracked 
|  68|0x000000070ba00000, 0x000000070ba00000, 0x000000070bc00000|  0%| F|  |TAMS 0x000000070ba00000, 0x000000070ba00000| Untracked 
|  69|0x000000070bc00000, 0x000000070bc00000, 0x000000070be00000|  0%| F|  |TAMS 0x000000070bc00000, 0x000000070bc00000| Untracked 
|  70|0x000000070be00000, 0x000000070be00000, 0x000000070c000000|  0%| F|  |TAMS 0x000000070be00000, 0x000000070be00000| Untracked 
|  71|0x000000070c000000, 0x000000070c000000, 0x000000070c200000|  0%| F|  |TAMS 0x000000070c000000, 0x000000070c000000| Untracked 
|  72|0x000000070c200000, 0x000000070c200000, 0x000000070c400000|  0%| F|  |TAMS 0x000000070c200000, 0x000000070c200000| Untracked 
|  73|0x000000070c400000, 0x000000070c400000, 0x000000070c600000|  0%| F|  |TAMS 0x000000070c400000, 0x000000070c400000| Untracked 
|  74|0x000000070c600000, 0x000000070c600000, 0x000000070c800000|  0%| F|  |TAMS 0x000000070c600000, 0x000000070c600000| Untracked 
|  75|0x000000070c800000, 0x000000070c800000, 0x000000070ca00000|  0%| F|  |TAMS 0x000000070c800000, 0x000000070c800000| Untracked 
|  76|0x000000070ca00000, 0x000000070ca00000, 0x000000070cc00000|  0%| F|  |TAMS 0x000000070ca00000, 0x000000070ca00000| Untracked 
|  77|0x000000070cc00000, 0x000000070cc00000, 0x000000070ce00000|  0%| F|  |TAMS 0x000000070cc00000, 0x000000070cc00000| Untracked 
|  78|0x000000070ce00000, 0x000000070ce00000, 0x000000070d000000|  0%| F|  |TAMS 0x000000070ce00000, 0x000000070ce00000| Untracked 
|  79|0x000000070d000000, 0x000000070d000000, 0x000000070d200000|  0%| F|  |TAMS 0x000000070d000000, 0x000000070d000000| Untracked 
|  80|0x000000070d200000, 0x000000070d200000, 0x000000070d400000|  0%| F|  |TAMS 0x000000070d200000, 0x000000070d200000| Untracked 
|  81|0x000000070d400000, 0x000000070d400000, 0x000000070d600000|  0%| F|  |TAMS 0x000000070d400000, 0x000000070d400000| Untracked 
|  82|0x000000070d600000, 0x000000070d600000, 0x000000070d800000|  0%| F|  |TAMS 0x000000070d600000, 0x000000070d600000| Untracked 
|  83|0x000000070d800000, 0x000000070d800000, 0x000000070da00000|  0%| F|  |TAMS 0x000000070d800000, 0x000000070d800000| Untracked 
|  84|0x000000070da00000, 0x000000070da00000, 0x000000070dc00000|  0%| F|  |TAMS 0x000000070da00000, 0x000000070da00000| Untracked 
|  85|0x000000070dc00000, 0x000000070dc00000, 0x000000070de00000|  0%| F|  |TAMS 0x000000070dc00000, 0x000000070dc00000| Untracked 
|  86|0x000000070de00000, 0x000000070de00000, 0x000000070e000000|  0%| F|  |TAMS 0x000000070de00000, 0x000000070de00000| Untracked 
|  87|0x000000070e000000, 0x000000070e000000, 0x000000070e200000|  0%| F|  |TAMS 0x000000070e000000, 0x000000070e000000| Untracked 
|  88|0x000000070e200000, 0x000000070e200000, 0x000000070e400000|  0%| F|  |TAMS 0x000000070e200000, 0x000000070e200000| Untracked 
|  89|0x000000070e400000, 0x000000070e400000, 0x000000070e600000|  0%| F|  |TAMS 0x000000070e400000, 0x000000070e400000| Untracked 
|  90|0x000000070e600000, 0x000000070e600000, 0x000000070e800000|  0%| F|  |TAMS 0x000000070e600000, 0x000000070e600000| Untracked 
|  91|0x000000070e800000, 0x000000070e800000, 0x000000070ea00000|  0%| F|  |TAMS 0x000000070e800000, 0x000000070e800000| Untracked 
|  92|0x000000070ea00000, 0x000000070ea00000, 0x000000070ec00000|  0%| F|  |TAMS 0x000000070ea00000, 0x000000070ea00000| Untracked 
|  93|0x000000070ec00000, 0x000000070ec00000, 0x000000070ee00000|  0%| F|  |TAMS 0x000000070ec00000, 0x000000070ec00000| Untracked 
|  94|0x000000070ee00000, 0x000000070ee00000, 0x000000070f000000|  0%| F|  |TAMS 0x000000070ee00000, 0x000000070ee00000| Untracked 
|  95|0x000000070f000000, 0x000000070f000000, 0x000000070f200000|  0%| F|  |TAMS 0x000000070f000000, 0x000000070f000000| Untracked 
|  96|0x000000070f200000, 0x000000070f200000, 0x000000070f400000|  0%| F|  |TAMS 0x000000070f200000, 0x000000070f200000| Untracked 
|  97|0x000000070f400000, 0x000000070f400000, 0x000000070f600000|  0%| F|  |TAMS 0x000000070f400000, 0x000000070f400000| Untracked 
|  98|0x000000070f600000, 0x000000070f600000, 0x000000070f800000|  0%| F|  |TAMS 0x000000070f600000, 0x000000070f600000| Untracked 
|  99|0x000000070f800000, 0x000000070f800000, 0x000000070fa00000|  0%| F|  |TAMS 0x000000070f800000, 0x000000070f800000| Untracked 
| 100|0x000000070fa00000, 0x000000070fa00000, 0x000000070fc00000|  0%| F|  |TAMS 0x000000070fa00000, 0x000000070fa00000| Untracked 
| 101|0x000000070fc00000, 0x000000070fc00000, 0x000000070fe00000|  0%| F|  |TAMS 0x000000070fc00000, 0x000000070fc00000| Untracked 
| 102|0x000000070fe00000, 0x000000070fe00000, 0x0000000710000000|  0%| F|  |TAMS 0x000000070fe00000, 0x000000070fe00000| Untracked 
| 103|0x0000000710000000, 0x0000000710000000, 0x0000000710200000|  0%| F|  |TAMS 0x0000000710000000, 0x0000000710000000| Untracked 
| 104|0x0000000710200000, 0x0000000710200000, 0x0000000710400000|  0%| F|  |TAMS 0x0000000710200000, 0x0000000710200000| Untracked 
| 105|0x0000000710400000, 0x0000000710400000, 0x0000000710600000|  0%| F|  |TAMS 0x0000000710400000, 0x0000000710400000| Untracked 
| 106|0x0000000710600000, 0x0000000710600000, 0x0000000710800000|  0%| F|  |TAMS 0x0000000710600000, 0x0000000710600000| Untracked 
| 107|0x0000000710800000, 0x0000000710800000, 0x0000000710a00000|  0%| F|  |TAMS 0x0000000710800000, 0x0000000710800000| Untracked 
| 108|0x0000000710a00000, 0x0000000710a00000, 0x0000000710c00000|  0%| F|  |TAMS 0x0000000710a00000, 0x0000000710a00000| Untracked 
| 109|0x0000000710c00000, 0x0000000710c00000, 0x0000000710e00000|  0%| F|  |TAMS 0x0000000710c00000, 0x0000000710c00000| Untracked 
| 110|0x0000000710e00000, 0x0000000710e00000, 0x0000000711000000|  0%| F|  |TAMS 0x0000000710e00000, 0x0000000710e00000| Untracked 
| 111|0x0000000711000000, 0x0000000711000000, 0x0000000711200000|  0%| F|  |TAMS 0x0000000711000000, 0x0000000711000000| Untracked 
| 112|0x0000000711200000, 0x0000000711200000, 0x0000000711400000|  0%| F|  |TAMS 0x0000000711200000, 0x0000000711200000| Untracked 
| 113|0x0000000711400000, 0x0000000711400000, 0x0000000711600000|  0%| F|  |TAMS 0x0000000711400000, 0x0000000711400000| Untracked 
| 114|0x0000000711600000, 0x0000000711600000, 0x0000000711800000|  0%| F|  |TAMS 0x0000000711600000, 0x0000000711600000| Untracked 
| 115|0x0000000711800000, 0x0000000711800000, 0x0000000711a00000|  0%| F|  |TAMS 0x0000000711800000, 0x0000000711800000| Untracked 
| 116|0x0000000711a00000, 0x0000000711a00000, 0x0000000711c00000|  0%| F|  |TAMS 0x0000000711a00000, 0x0000000711a00000| Untracked 
| 117|0x0000000711c00000, 0x0000000711c00000, 0x0000000711e00000|  0%| F|  |TAMS 0x0000000711c00000, 0x0000000711c00000| Untracked 
| 118|0x0000000711e00000, 0x0000000711e00000, 0x0000000712000000|  0%| F|  |TAMS 0x0000000711e00000, 0x0000000711e00000| Untracked 
| 119|0x0000000712000000, 0x0000000712000000, 0x0000000712200000|  0%| F|  |TAMS 0x0000000712000000, 0x0000000712000000| Untracked 
| 120|0x0000000712200000, 0x0000000712200000, 0x0000000712400000|  0%| F|  |TAMS 0x0000000712200000, 0x0000000712200000| Untracked 
| 121|0x0000000712400000, 0x0000000712400000, 0x0000000712600000|  0%| F|  |TAMS 0x0000000712400000, 0x0000000712400000| Untracked 
| 122|0x0000000712600000, 0x0000000712600000, 0x0000000712800000|  0%| F|  |TAMS 0x0000000712600000, 0x0000000712600000| Untracked 
| 123|0x0000000712800000, 0x0000000712800000, 0x0000000712a00000|  0%| F|  |TAMS 0x0000000712800000, 0x0000000712800000| Untracked 
| 124|0x0000000712a00000, 0x0000000712a00000, 0x0000000712c00000|  0%| F|  |TAMS 0x0000000712a00000, 0x0000000712a00000| Untracked 
| 125|0x0000000712c00000, 0x0000000712c00000, 0x0000000712e00000|  0%| F|  |TAMS 0x0000000712c00000, 0x0000000712c00000| Untracked 
| 126|0x0000000712e00000, 0x0000000712e00000, 0x0000000713000000|  0%| F|  |TAMS 0x0000000712e00000, 0x0000000712e00000| Untracked 
| 127|0x0000000713000000, 0x0000000713000000, 0x0000000713200000|  0%| F|  |TAMS 0x0000000713000000, 0x0000000713000000| Untracked 
| 128|0x0000000713200000, 0x0000000713200000, 0x0000000713400000|  0%| F|  |TAMS 0x0000000713200000, 0x0000000713200000| Untracked 
| 129|0x0000000713400000, 0x0000000713400000, 0x0000000713600000|  0%| F|  |TAMS 0x0000000713400000, 0x0000000713400000| Untracked 
| 130|0x0000000713600000, 0x0000000713600000, 0x0000000713800000|  0%| F|  |TAMS 0x0000000713600000, 0x0000000713600000| Untracked 
| 131|0x0000000713800000, 0x0000000713800000, 0x0000000713a00000|  0%| F|  |TAMS 0x0000000713800000, 0x0000000713800000| Untracked 
| 132|0x0000000713a00000, 0x0000000713a00000, 0x0000000713c00000|  0%| F|  |TAMS 0x0000000713a00000, 0x0000000713a00000| Untracked 
| 133|0x0000000713c00000, 0x0000000713c00000, 0x0000000713e00000|  0%| F|  |TAMS 0x0000000713c00000, 0x0000000713c00000| Untracked 
| 134|0x0000000713e00000, 0x0000000713e00000, 0x0000000714000000|  0%| F|  |TAMS 0x0000000713e00000, 0x0000000713e00000| Untracked 
| 135|0x0000000714000000, 0x0000000714000000, 0x0000000714200000|  0%| F|  |TAMS 0x0000000714000000, 0x0000000714000000| Untracked 

Card table byte_map: [0x0000013d7aa40000,0x0000013d7b230000] _byte_map_base: 0x0000013d77227000

Marking Bits (Prev, Next): (CMBitMap*) 0x0000013d7646edf0, (CMBitMap*) 0x0000013d7646ee30
 Prev Bits: [0x0000013d7ba20000, 0x0000013d7f958000)
 Next Bits: [0x0000013d0f000000, 0x0000013d12f38000)

Polling page: 0x0000013d743b0000

Metaspace:

Usage:
  Non-class:     70.90 MB used.
      Class:      9.91 MB used.
       Both:     80.80 MB used.

Virtual space:
  Non-class space:      128.00 MB reserved,      71.25 MB ( 56%) committed,  2 nodes.
      Class space:        1.00 GB reserved,      10.25 MB (  1%) committed,  1 nodes.
             Both:        1.12 GB reserved,      81.50 MB (  7%) committed. 

Chunk freelists:
   Non-Class:  656.00 KB
       Class:  1.79 MB
        Both:  2.43 MB

MaxMetaspaceSize: unlimited
CompressedClassSpaceSize: 1.00 GB
Initial GC threshold: 21.00 MB
Current GC threshold: 123.75 MB
CDS: off
MetaspaceReclaimPolicy: balanced
 - commit_granule_bytes: 65536.
 - commit_granule_words: 8192.
 - virtual_space_node_default_size: 8388608.
 - enlarge_chunks_in_place: 1.
 - new_chunks_are_fully_committed: 0.
 - uncommit_free_chunks: 1.
 - use_allocation_guard: 0.


Internal statistics:

num_allocs_failed_limit: 9.
num_arena_births: 1040.
num_arena_deaths: 0.
num_vsnodes_births: 3.
num_vsnodes_deaths: 0.
num_space_committed: 1304.
num_space_uncommitted: 0.
num_chunks_returned_to_freelist: 9.
num_chunks_taken_from_freelist: 3559.
num_chunk_merges: 9.
num_chunk_splits: 2540.
num_chunks_enlarged: 2035.
num_inconsistent_stats: 0.

CodeHeap 'non-profiled nmethods': size=120000Kb used=4597Kb max_used=5218Kb free=115402Kb
 bounds [0x0000013d07ad0000, 0x0000013d07ff0000, 0x0000013d0f000000]
CodeHeap 'profiled nmethods': size=120000Kb used=14246Kb max_used=15031Kb free=105753Kb
 bounds [0x0000013d00000000, 0x0000013d00eb0000, 0x0000013d07530000]
CodeHeap 'non-nmethods': size=5760Kb used=1469Kb max_used=1565Kb free=4290Kb
 bounds [0x0000013d07530000, 0x0000013d077a0000, 0x0000013d07ad0000]
 total_blobs=7993 nmethods=7264 adapters=639
 compilation: enabled
              stopped_count=0, restarted_count=0
 full_count=0

Compilation events (20 events):
Event: 3199.004 Thread 0x0000013d198a1230 8344       4       com.fasterxml.jackson.core.util.TextBuffer::buf (27 bytes)
Event: 3199.009 Thread 0x0000013d198a1230 nmethod 8344 0x0000013d07fe5610 code [0x0000013d07fe57c0, 0x0000013d07fe5af8]
Event: 3199.147 Thread 0x0000013d198accc0 8345       3       io.micrometer.core.instrument.cumulative.CumulativeCounter::increment (9 bytes)
Event: 3199.147 Thread 0x0000013d198accc0 nmethod 8345 0x0000013d00eace10 code [0x0000013d00eacfc0, 0x0000013d00ead108]
Event: 3199.147 Thread 0x0000013d198accc0 8346       3       java.util.concurrent.atomic.DoubleAdder::add (108 bytes)
Event: 3199.148 Thread 0x0000013d198accc0 nmethod 8346 0x0000013d00ead210 code [0x0000013d00ead420, 0x0000013d00eada58]
Event: 3199.336 Thread 0x0000013d198a1230 8347   !   4       sun.management.MappedMXBeanType$CompositeDataMXBeanType::toJavaTypeData (80 bytes)
Event: 3199.384 Thread 0x0000013d198a1230 nmethod 8347 0x0000013d07fe5e10 code [0x0000013d07fe6120, 0x0000013d07fe7448]
Event: 3199.565 Thread 0x0000013d198a1230 8348       4       com.fasterxml.jackson.databind.type.TypeFactory::_fromClass (328 bytes)
Event: 3199.567 Thread 0x0000013d198a1230 nmethod 8348 0x0000013d07fe8410 code [0x0000013d07fe85a0, 0x0000013d07fe86f8]
Event: 3199.642 Thread 0x0000013d198accc0 8349       3       org.springframework.util.MultiValueMapAdapter::set (30 bytes)
Event: 3199.642 Thread 0x0000013d198accc0 nmethod 8349 0x0000013d000de510 code [0x0000013d000de700, 0x0000013d000dedc8]
Event: 3199.643 Thread 0x0000013d198accc0 8350       3       java.util.Calendar::getDisplayName (165 bytes)
Event: 3199.644 Thread 0x0000013d198accc0 nmethod 8350 0x0000013d005f2810 code [0x0000013d005f2ac0, 0x0000013d005f39d8]
Event: 3199.644 Thread 0x0000013d198accc0 8352       3       io.micrometer.core.instrument.distribution.DistributionStatisticConfig$Builder::build (13 bytes)
Event: 3199.644 Thread 0x0000013d198accc0 nmethod 8352 0x0000013d00008b90 code [0x0000013d00008d40, 0x0000013d00008e88]
Event: 3199.644 Thread 0x0000013d198accc0 8353       3       io.micrometer.core.instrument.distribution.DistributionStatisticConfig$Builder::validate (410 bytes)
Event: 3199.649 Thread 0x0000013d198accc0 nmethod 8353 0x0000013d0073ab10 code [0x0000013d0073b600, 0x0000013d00741508]
Event: 3199.649 Thread 0x0000013d198accc0 8351       3       org.jboss.logging.Slf4jLocationAwareLogger::doLog (54 bytes)
Event: 3199.650 Thread 0x0000013d198accc0 nmethod 8351 0x0000013d00189910 code [0x0000013d00189b40, 0x0000013d0018a248]

GC Heap History (20 events):
Event: 3196.423 GC heap after
{Heap after GC invocations=187 (full 0):
 garbage-first heap   total 278528K, used 37290K [0x0000000703200000, 0x0000000800000000)
  region size 2048K, 2 young (4096K), 2 survivors (4096K)
 Metaspace       used 82717K, committed 83456K, reserved 1179648K
  class space    used 10142K, committed 10496K, reserved 1048576K
}
Event: 3196.933 GC heap before
{Heap before GC invocations=187 (full 0):
 garbage-first heap   total 278528K, used 199082K [0x0000000703200000, 0x0000000800000000)
  region size 2048K, 81 young (165888K), 2 survivors (4096K)
 Metaspace       used 82721K, committed 83456K, reserved 1179648K
  class space    used 10142K, committed 10496K, reserved 1048576K
}
Event: 3196.935 GC heap after
{Heap after GC invocations=188 (full 0):
 garbage-first heap   total 278528K, used 37506K [0x0000000703200000, 0x0000000800000000)
  region size 2048K, 2 young (4096K), 2 survivors (4096K)
 Metaspace       used 82721K, committed 83456K, reserved 1179648K
  class space    used 10142K, committed 10496K, reserved 1048576K
}
Event: 3197.434 GC heap before
{Heap before GC invocations=188 (full 0):
 garbage-first heap   total 278528K, used 199298K [0x0000000703200000, 0x0000000800000000)
  region size 2048K, 81 young (165888K), 2 survivors (4096K)
 Metaspace       used 82721K, committed 83456K, reserved 1179648K
  class space    used 10142K, committed 10496K, reserved 1048576K
}
Event: 3197.435 GC heap after
{Heap after GC invocations=189 (full 0):
 garbage-first heap   total 278528K, used 37480K [0x0000000703200000, 0x0000000800000000)
  region size 2048K, 2 young (4096K), 2 survivors (4096K)
 Metaspace       used 82721K, committed 83456K, reserved 1179648K
  class space    used 10142K, committed 10496K, reserved 1048576K
}
Event: 3197.878 GC heap before
{Heap before GC invocations=189 (full 0):
 garbage-first heap   total 278528K, used 199272K [0x0000000703200000, 0x0000000800000000)
  region size 2048K, 81 young (165888K), 2 survivors (4096K)
 Metaspace       used 82721K, committed 83456K, reserved 1179648K
  class space    used 10142K, committed 10496K, reserved 1048576K
}
Event: 3197.879 GC heap after
{Heap after GC invocations=190 (full 0):
 garbage-first heap   total 278528K, used 37653K [0x0000000703200000, 0x0000000800000000)
  region size 2048K, 2 young (4096K), 2 survivors (4096K)
 Metaspace       used 82721K, committed 83456K, reserved 1179648K
  class space    used 10142K, committed 10496K, reserved 1048576K
}
Event: 3198.262 GC heap before
{Heap before GC invocations=190 (full 0):
 garbage-first heap   total 278528K, used 199445K [0x0000000703200000, 0x0000000800000000)
  region size 2048K, 81 young (165888K), 2 survivors (4096K)
 Metaspace       used 82721K, committed 83456K, reserved 1179648K
  class space    used 10142K, committed 10496K, reserved 1048576K
}
Event: 3198.264 GC heap after
{Heap after GC invocations=191 (full 0):
 garbage-first heap   total 278528K, used 37445K [0x0000000703200000, 0x0000000800000000)
  region size 2048K, 2 young (4096K), 2 survivors (4096K)
 Metaspace       used 82721K, committed 83456K, reserved 1179648K
  class space    used 10142K, committed 10496K, reserved 1048576K
}
Event: 3198.714 GC heap before
{Heap before GC invocations=191 (full 0):
 garbage-first heap   total 278528K, used 199237K [0x0000000703200000, 0x0000000800000000)
  region size 2048K, 81 young (165888K), 2 survivors (4096K)
 Metaspace       used 82723K, committed 83456K, reserved 1179648K
  class space    used 10142K, committed 10496K, reserved 1048576K
}
Event: 3198.715 GC heap after
{Heap after GC invocations=192 (full 0):
 garbage-first heap   total 278528K, used 37520K [0x0000000703200000, 0x0000000800000000)
  region size 2048K, 2 young (4096K), 2 survivors (4096K)
 Metaspace       used 82723K, committed 83456K, reserved 1179648K
  class space    used 10142K, committed 10496K, reserved 1048576K
}
Event: 3198.943 GC heap before
{Heap before GC invocations=192 (full 0):
 garbage-first heap   total 278528K, used 199312K [0x0000000703200000, 0x0000000800000000)
  region size 2048K, 81 young (165888K), 2 survivors (4096K)
 Metaspace       used 82723K, committed 83456K, reserved 1179648K
  class space    used 10142K, committed 10496K, reserved 1048576K
}
Event: 3198.947 GC heap after
{Heap after GC invocations=193 (full 0):
 garbage-first heap   total 278528K, used 44221K [0x0000000703200000, 0x0000000800000000)
  region size 2048K, 5 young (10240K), 5 survivors (10240K)
 Metaspace       used 82723K, committed 83456K, reserved 1179648K
  class space    used 10142K, committed 10496K, reserved 1048576K
}
Event: 3199.143 GC heap before
{Heap before GC invocations=193 (full 0):
 garbage-first heap   total 278528K, used 199869K [0x0000000703200000, 0x0000000800000000)
  region size 2048K, 81 young (165888K), 5 survivors (10240K)
 Metaspace       used 82723K, committed 83456K, reserved 1179648K
  class space    used 10142K, committed 10496K, reserved 1048576K
}
Event: 3199.146 GC heap after
{Heap after GC invocations=194 (full 0):
 garbage-first heap   total 278528K, used 44822K [0x0000000703200000, 0x0000000800000000)
  region size 2048K, 5 young (10240K), 5 survivors (10240K)
 Metaspace       used 82723K, committed 83456K, reserved 1179648K
  class space    used 10142K, committed 10496K, reserved 1048576K
}
Event: 3199.334 GC heap before
{Heap before GC invocations=194 (full 0):
 garbage-first heap   total 278528K, used 200470K [0x0000000703200000, 0x0000000800000000)
  region size 2048K, 81 young (165888K), 5 survivors (10240K)
 Metaspace       used 82727K, committed 83456K, reserved 1179648K
  class space    used 10142K, committed 10496K, reserved 1048576K
}
Event: 3199.335 GC heap after
{Heap after GC invocations=195 (full 0):
 garbage-first heap   total 278528K, used 39085K [0x0000000703200000, 0x0000000800000000)
  region size 2048K, 2 young (4096K), 2 survivors (4096K)
 Metaspace       used 82727K, committed 83456K, reserved 1179648K
  class space    used 10142K, committed 10496K, reserved 1048576K
}
Event: 3199.558 GC heap before
{Heap before GC invocations=195 (full 0):
 garbage-first heap   total 278528K, used 200877K [0x0000000703200000, 0x0000000800000000)
  region size 2048K, 81 young (165888K), 2 survivors (4096K)
 Metaspace       used 82727K, committed 83456K, reserved 1179648K
  class space    used 10142K, committed 10496K, reserved 1048576K
}
Event: 3199.561 GC heap after
{Heap after GC invocations=196 (full 0):
 garbage-first heap   total 278528K, used 45581K [0x0000000703200000, 0x0000000800000000)
  region size 2048K, 6 young (12288K), 6 survivors (12288K)
 Metaspace       used 82727K, committed 83456K, reserved 1179648K
  class space    used 10142K, committed 10496K, reserved 1048576K
}
Event: 3199.825 GC heap before
{Heap before GC invocations=196 (full 0):
 garbage-first heap   total 278528K, used 199181K [0x0000000703200000, 0x0000000800000000)
  region size 2048K, 81 young (165888K), 6 survivors (12288K)
 Metaspace       used 82743K, committed 83456K, reserved 1179648K
  class space    used 10142K, committed 10496K, reserved 1048576K
}

Dll operation events (11 events):
Event: 0.007 Loaded shared library C:\Users\samas\.p2\pool\plugins\org.eclipse.justj.openjdk.hotspot.jre.full.win32.x86_64_19.0.2.v20230129-1123\jre\bin\java.dll
Event: 0.012 Loaded shared library C:\Users\samas\.p2\pool\plugins\org.eclipse.justj.openjdk.hotspot.jre.full.win32.x86_64_19.0.2.v20230129-1123\jre\bin\zip.dll
Event: 0.137 Loaded shared library C:\Users\samas\.p2\pool\plugins\org.eclipse.justj.openjdk.hotspot.jre.full.win32.x86_64_19.0.2.v20230129-1123\jre\bin\net.dll
Event: 0.139 Loaded shared library C:\Users\samas\.p2\pool\plugins\org.eclipse.justj.openjdk.hotspot.jre.full.win32.x86_64_19.0.2.v20230129-1123\jre\bin\nio.dll
Event: 0.144 Loaded shared library C:\Users\samas\.p2\pool\plugins\org.eclipse.justj.openjdk.hotspot.jre.full.win32.x86_64_19.0.2.v20230129-1123\jre\bin\zip.dll
Event: 0.234 Loaded shared library C:\Users\samas\.p2\pool\plugins\org.eclipse.justj.openjdk.hotspot.jre.full.win32.x86_64_19.0.2.v20230129-1123\jre\bin\jimage.dll
Event: 0.540 Loaded shared library C:\Users\samas\.p2\pool\plugins\org.eclipse.justj.openjdk.hotspot.jre.full.win32.x86_64_19.0.2.v20230129-1123\jre\bin\management.dll
Event: 0.542 Loaded shared library C:\Users\samas\.p2\pool\plugins\org.eclipse.justj.openjdk.hotspot.jre.full.win32.x86_64_19.0.2.v20230129-1123\jre\bin\management_ext.dll
Event: 1.469 Loaded shared library C:\Users\samas\.p2\pool\plugins\org.eclipse.justj.openjdk.hotspot.jre.full.win32.x86_64_19.0.2.v20230129-1123\jre\bin\sunmscapi.dll
Event: 5.565 Loaded shared library C:\Users\samas\.p2\pool\plugins\org.eclipse.justj.openjdk.hotspot.jre.full.win32.x86_64_19.0.2.v20230129-1123\jre\bin\verify.dll
Event: 5.973 Loaded shared library C:\Users\samas\.p2\pool\plugins\org.eclipse.justj.openjdk.hotspot.jre.full.win32.x86_64_19.0.2.v20230129-1123\jre\bin\extnet.dll

Deoptimization events (20 events):
Event: 1504.710 Thread 0x0000013d2097bd20 DEOPT PACKING pc=0x0000013d00c46a41 sp=0x000000188a1fd020
Event: 1504.710 Thread 0x0000013d2097bd20 DEOPT UNPACKING pc=0x0000013d07597543 sp=0x000000188a1fc4b0 mode 0
Event: 1523.379 Thread 0x0000013d2097bd20 DEOPT PACKING pc=0x0000013d00d50283 sp=0x000000188a1fcf50
Event: 1523.379 Thread 0x0000013d2097bd20 DEOPT UNPACKING pc=0x0000013d07597543 sp=0x000000188a1fc3e8 mode 0
Event: 1764.809 Thread 0x0000013d2097cd10 DEOPT PACKING pc=0x0000013d0040bbd6 sp=0x0000001886ffd940
Event: 1764.809 Thread 0x0000013d2097cd10 DEOPT UNPACKING pc=0x0000013d07597543 sp=0x0000001886ffce00 mode 0
Event: 1764.816 Thread 0x0000013d2097cd10 Uncommon trap: trap_request=0xffffff45 fr.pc=0x0000013d07f8748c relative=0x000000000000026c
Event: 1764.816 Thread 0x0000013d2097cd10 Uncommon trap: reason=unstable_if action=reinterpret pc=0x0000013d07f8748c method=java.lang.StringCoding.implEncodeAsciiArray([CI[BII)I @ 23 c2
Event: 1764.816 Thread 0x0000013d2097cd10 DEOPT PACKING pc=0x0000013d07f8748c sp=0x0000001886ffe780
Event: 1764.816 Thread 0x0000013d2097cd10 DEOPT UNPACKING pc=0x0000013d07596da3 sp=0x0000001886ffe728 mode 2
Event: 1786.129 Thread 0x0000013d2097f790 DEOPT PACKING pc=0x0000013d000bd45e sp=0x0000001886ffe080
Event: 1786.129 Thread 0x0000013d2097f790 DEOPT UNPACKING pc=0x0000013d07597543 sp=0x0000001886ffd4d8 mode 0
Event: 3192.926 Thread 0x0000013d2097f240 DEOPT PACKING pc=0x0000013d00e49783 sp=0x000000188a0fce90
Event: 3192.926 Thread 0x0000013d2097f240 DEOPT UNPACKING pc=0x0000013d07597543 sp=0x000000188a0fc328 mode 0
Event: 3195.344 Thread 0x0000013d20981220 DEOPT PACKING pc=0x0000013d00e49783 sp=0x000000188a2fcba0
Event: 3195.344 Thread 0x0000013d20981220 DEOPT UNPACKING pc=0x0000013d07597543 sp=0x000000188a2fc038 mode 0
Event: 3196.582 Thread 0x0000013d2097d7b0 DEOPT PACKING pc=0x0000013d00e49783 sp=0x000000188a3fc890
Event: 3196.582 Thread 0x0000013d2097d7b0 DEOPT UNPACKING pc=0x0000013d07597543 sp=0x000000188a3fbd28 mode 0
Event: 3199.641 Thread 0x0000013d2097c270 DEOPT PACKING pc=0x0000013d00e49783 sp=0x000000188a5fca00
Event: 3199.641 Thread 0x0000013d2097c270 DEOPT UNPACKING pc=0x0000013d07597543 sp=0x000000188a5fbe98 mode 0

Classes loaded (20 events):
Event: 10.212 Loading class java/util/OptionalLong
Event: 10.212 Loading class java/util/OptionalLong done
Event: 10.212 Loading class java/util/OptionalDouble
Event: 10.213 Loading class java/util/OptionalDouble done
Event: 10.221 Loading class java/util/ArrayDeque$DescendingIterator
Event: 10.222 Loading class java/util/ArrayDeque$DescendingIterator done
Event: 1000.378 Loading class java/util/ArrayList$SubList$2
Event: 1000.378 Loading class java/util/ArrayList$SubList$2 done
Event: 1000.416 Loading class java/lang/Throwable$WrappedPrintWriter
Event: 1000.416 Loading class java/lang/Throwable$PrintStreamOrWriter
Event: 1000.416 Loading class java/lang/Throwable$PrintStreamOrWriter done
Event: 1000.416 Loading class java/lang/Throwable$WrappedPrintWriter done
Event: 1489.159 Loading class sun/net/ConnectionResetException
Event: 1489.159 Loading class sun/net/ConnectionResetException done
Event: 1764.681 Loading class sun/security/ssl/Alert
Event: 1764.683 Loading class sun/security/ssl/Alert done
Event: 1764.685 Loading class sun/security/ssl/Alert$AlertConsumer
Event: 1764.685 Loading class sun/security/ssl/Alert$AlertConsumer done
Event: 1764.685 Loading class sun/security/ssl/Alert$Level
Event: 1764.686 Loading class sun/security/ssl/Alert$Level done

Classes unloaded (0 events):
No events

Classes redefined (0 events):
No events

Internal exceptions (20 events):
Event: 9.598 Thread 0x0000013d1a066350 Implicit null exception at 0x0000013d07c09c60 to 0x0000013d07c09ebc
Event: 9.764 Thread 0x0000013d1a066350 Exception <a 'java/lang/NoSuchMethodError'{0x000000070bca4928}: 'java.lang.Object java.lang.invoke.DirectMethodHandle$Holder.invokeVirtual(java.lang.Object, java.lang.Object, java.lang.Object, java.lang.Object, java.lang.Object, java.lang.Object, java.lang.Object, java.lang.Object, java.lang.Object)'> (0x000000070bca4928) 
thrown [s\src\hotspot\share\interpreter\linkResolver.cpp, line 774]
Event: 9.824 Thread 0x0000013d1a066350 Exception <a 'java/lang/NoSuchMethodError'{0x000000070bbe38d8}: 'void java.lang.invoke.DirectMethodHandle$Holder.invokeStatic(java.lang.Object, java.lang.Object, double)'> (0x000000070bbe38d8) 
thrown [s\src\hotspot\share\interpreter\linkResolver.cpp, line 774]
Event: 9.843 Thread 0x0000013d1a066350 Exception <a 'java/lang/NoSuchMethodError'{0x000000070b846700}: 'double java.lang.invoke.DirectMethodHandle$Holder.invokeStatic(java.lang.Object, java.lang.Object, java.lang.Object)'> (0x000000070b846700) 
thrown [s\src\hotspot\share\interpreter\linkResolver.cpp, line 774]
Event: 9.876 Thread 0x0000013d1a066350 Exception <a 'java/lang/IncompatibleClassChangeError'{0x000000070b939230}: Found class java.lang.Object, but interface was expected> (0x000000070b939230) 
thrown [s\src\hotspot\share\interpreter\linkResolver.cpp, line 841]
Event: 9.882 Thread 0x0000013d1a066350 Exception <a 'java/lang/NoSuchMethodError'{0x000000070b959a28}: 'java.lang.Object java.lang.invoke.DirectMethodHandle$Holder.newInvokeSpecial(java.lang.Object, java.lang.Object, int, java.lang.Object, java.lang.Object)'> (0x000000070b959a28) 
thrown [s\src\hotspot\share\interpreter\linkResolver.cpp, line 774]
Event: 9.883 Thread 0x0000013d1a066350 Exception <a 'java/lang/NoSuchMethodError'{0x000000070b965638}: 'java.lang.Object java.lang.invoke.DirectMethodHandle$Holder.invokeSpecial(java.lang.Object, java.lang.Object, int, java.lang.Object, int, java.lang.Object)'> (0x000000070b965638) 
thrown [s\src\hotspot\share\interpreter\linkResolver.cpp, line 774]
Event: 9.884 Thread 0x0000013d1a066350 Exception <a 'java/lang/NoSuchMethodError'{0x000000070b96d6d0}: 'java.lang.Object java.lang.invoke.DirectMethodHandle$Holder.newInvokeSpecial(java.lang.Object, java.lang.Object, int, java.lang.Object, int)'> (0x000000070b96d6d0) 
thrown [s\src\hotspot\share\interpreter\linkResolver.cpp, line 774]
Event: 9.884 Thread 0x0000013d1a066350 Exception <a 'java/lang/NoSuchMethodError'{0x000000070b9717e8}: 'java.lang.Object java.lang.invoke.DirectMethodHandle$Holder.invokeSpecial(java.lang.Object, java.lang.Object, java.lang.Object, int, java.lang.Object, int)'> (0x000000070b9717e8) 
thrown [s\src\hotspot\share\interpreter\linkResolver.cpp, line 774]
Event: 9.922 Thread 0x0000013d1a066350 Implicit null exception at 0x0000013d07b93cd6 to 0x0000013d07b93f50
Event: 9.952 Thread 0x0000013d1a066350 Exception <a 'java/lang/IncompatibleClassChangeError'{0x000000070b3b7710}: Found class java.lang.Object, but interface was expected> (0x000000070b3b7710) 
thrown [s\src\hotspot\share\interpreter\linkResolver.cpp, line 841]
Event: 9.971 Thread 0x0000013d1bc3d950 Exception <a 'java/lang/NoSuchMethodError'{0x000000070b042db8}: 'java.lang.Object java.lang.invoke.DirectMethodHandle$Holder.invokeSpecial(java.lang.Object, java.lang.Object, java.lang.Object, java.lang.Object, java.lang.Object, long)'> (0x000000070b042db8) 
thrown [s\src\hotspot\share\interpreter\linkResolver.cpp, line 774]
Event: 9.971 Thread 0x0000013d1bc3d950 Exception <a 'java/lang/NoSuchMethodError'{0x000000070b046808}: 'java.lang.Object java.lang.invoke.Invokers$Holder.linkToTargetMethod(java.lang.Object, java.lang.Object, java.lang.Object, long, java.lang.Object)'> (0x000000070b046808) 
thrown [s\src\hotspot\share\interpreter\linkResolver.cpp, line 774]
Event: 1000.377 Thread 0x0000013d20981220 Exception <a 'java/lang/NoSuchMethodError'{0x000000070afbca38}: 'java.lang.Object java.lang.invoke.DirectMethodHandle$Holder.invokeStatic(java.lang.Object, int, int)'> (0x000000070afbca38) 
thrown [s\src\hotspot\share\interpreter\linkResolver.cpp, line 774]
Event: 1489.159 Thread 0x0000013d2097bd20 Exception <a 'java/io/IOException'{0x000000070adf1988}> (0x000000070adf1988) 
thrown [s\src\hotspot\share\prims\jni.cpp, line 517]
Event: 1703.354 Thread 0x0000013d20981220 Exception <a 'java/io/IOException'{0x000000070b284438}> (0x000000070b284438) 
thrown [s\src\hotspot\share\prims\jni.cpp, line 517]
Event: 1759.008 Thread 0x0000013d2097bd20 Exception <a 'java/io/IOException'{0x000000070c45d9f8}> (0x000000070c45d9f8) 
thrown [s\src\hotspot\share\prims\jni.cpp, line 517]
Event: 1761.324 Thread 0x0000013d2097d7b0 Exception <a 'java/io/IOException'{0x000000071131e6b8}> (0x000000071131e6b8) 
thrown [s\src\hotspot\share\prims\jni.cpp, line 517]
Event: 3196.584 Thread 0x0000013d2097d7b0 Exception <a 'java/io/IOException'{0x0000000710ebe290}> (0x0000000710ebe290) 
thrown [s\src\hotspot\share\prims\jni.cpp, line 517]
Event: 3199.644 Thread 0x0000013d2097c270 Exception <a 'java/io/IOException'{0x0000000710a49400}> (0x0000000710a49400) 
thrown [s\src\hotspot\share\prims\jni.cpp, line 517]

VM Operations (20 events):
Event: 3197.435 Executing VM operation: G1CollectForAllocation done
Event: 3197.877 Executing VM operation: G1CollectForAllocation
Event: 3197.879 Executing VM operation: G1CollectForAllocation done
Event: 3198.262 Executing VM operation: G1CollectForAllocation
Event: 3198.264 Executing VM operation: G1CollectForAllocation done
Event: 3198.713 Executing VM operation: G1CollectForAllocation
Event: 3198.715 Executing VM operation: G1CollectForAllocation done
Event: 3198.943 Executing VM operation: G1CollectForAllocation
Event: 3198.947 Executing VM operation: G1CollectForAllocation done
Event: 3199.143 Executing VM operation: G1CollectForAllocation
Event: 3199.146 Executing VM operation: G1CollectForAllocation done
Event: 3199.333 Executing VM operation: G1CollectForAllocation
Event: 3199.336 Executing VM operation: G1CollectForAllocation done
Event: 3199.384 Executing VM operation: HandshakeAllThreads
Event: 3199.385 Executing VM operation: HandshakeAllThreads done
Event: 3199.557 Executing VM operation: G1CollectForAllocation
Event: 3199.561 Executing VM operation: G1CollectForAllocation done
Event: 3199.567 Executing VM operation: HandshakeAllThreads
Event: 3199.567 Executing VM operation: HandshakeAllThreads done
Event: 3199.824 Executing VM operation: G1CollectForAllocation

Events (20 events):
Event: 3199.588 Thread 0x0000013d198cf260 flushing nmethod 0x0000013d009a3810
Event: 3199.588 Thread 0x0000013d198cf260 flushing nmethod 0x0000013d009a4510
Event: 3199.589 Thread 0x0000013d198cf260 flushing nmethod 0x0000013d009a7e90
Event: 3199.589 Thread 0x0000013d198cf260 flushing nmethod 0x0000013d009a8410
Event: 3199.589 Thread 0x0000013d198cf260 flushing nmethod 0x0000013d009a8790
Event: 3199.589 Thread 0x0000013d198cf260 flushing nmethod 0x0000013d009a8d90
Event: 3199.589 Thread 0x0000013d198cf260 flushing nmethod 0x0000013d009aa210
Event: 3199.589 Thread 0x0000013d198cf260 flushing nmethod 0x0000013d009ab490
Event: 3199.589 Thread 0x0000013d198cf260 flushing nmethod 0x0000013d009ab990
Event: 3199.589 Thread 0x0000013d198cf260 flushing nmethod 0x0000013d009ac290
Event: 3199.589 Thread 0x0000013d198cf260 flushing nmethod 0x0000013d009ac910
Event: 3199.589 Thread 0x0000013d198cf260 flushing nmethod 0x0000013d009ad510
Event: 3199.589 Thread 0x0000013d198cf260 flushing nmethod 0x0000013d009ade90
Event: 3199.589 Thread 0x0000013d198cf260 flushing nmethod 0x0000013d009ae890
Event: 3199.589 Thread 0x0000013d198cf260 flushing nmethod 0x0000013d009af590
Event: 3199.589 Thread 0x0000013d198cf260 flushing nmethod 0x0000013d009d1e90
Event: 3199.589 Thread 0x0000013d198cf260 flushing nmethod 0x0000013d009d2b90
Event: 3199.589 Thread 0x0000013d198cf260 flushing nmethod 0x0000013d009d5090
Event: 3199.589 Thread 0x0000013d198cf260 flushing nmethod 0x0000013d00a05a90
Event: 3199.589 Thread 0x0000013d198cf260 flushing nmethod 0x0000013d00a27010


Dynamic libraries:
0x00007ff69ebf0000 - 0x00007ff69ebfe000 	C:\Users\samas\.p2\pool\plugins\org.eclipse.justj.openjdk.hotspot.jre.full.win32.x86_64_19.0.2.v20230129-1123\jre\bin\javaw.exe
0x00007ffe72630000 - 0x00007ffe72847000 	C:\Windows\SYSTEM32\ntdll.dll
0x00007ffe70590000 - 0x00007ffe70654000 	C:\Windows\System32\KERNEL32.DLL
0x00007ffe6fa90000 - 0x00007ffe6fe36000 	C:\Windows\System32\KERNELBASE.dll
0x00007ffe6f970000 - 0x00007ffe6fa81000 	C:\Windows\System32\ucrtbase.dll
0x00007ffe54e80000 - 0x00007ffe54e99000 	C:\Users\samas\.p2\pool\plugins\org.eclipse.justj.openjdk.hotspot.jre.full.win32.x86_64_19.0.2.v20230129-1123\jre\bin\VCRUNTIME140.dll
0x00007ffe549c0000 - 0x00007ffe549d7000 	C:\Users\samas\.p2\pool\plugins\org.eclipse.justj.openjdk.hotspot.jre.full.win32.x86_64_19.0.2.v20230129-1123\jre\bin\jli.dll
0x00007ffe71100000 - 0x00007ffe712ae000 	C:\Windows\System32\USER32.dll
0x00007ffe6ff60000 - 0x00007ffe6ff86000 	C:\Windows\System32\win32u.dll
0x00007ffe52580000 - 0x00007ffe52813000 	C:\Windows\WinSxS\amd64_microsoft.windows.common-controls_6595b64144ccf1df_6.0.22621.2506_none_270c5ae97388e100\COMCTL32.dll
0x00007ffe704e0000 - 0x00007ffe70587000 	C:\Windows\System32\msvcrt.dll
0x00007ffe72080000 - 0x00007ffe720a9000 	C:\Windows\System32\GDI32.dll
0x00007ffe701a0000 - 0x00007ffe702b8000 	C:\Windows\System32\gdi32full.dll
0x00007ffe6fe40000 - 0x00007ffe6feda000 	C:\Windows\System32\msvcp_win.dll
0x00007ffe71430000 - 0x00007ffe71461000 	C:\Windows\System32\IMM32.DLL
0x00007ffe67eb0000 - 0x00007ffe67ebc000 	C:\Users\samas\.p2\pool\plugins\org.eclipse.justj.openjdk.hotspot.jre.full.win32.x86_64_19.0.2.v20230129-1123\jre\bin\vcruntime140_1.dll
0x00007ffe52ad0000 - 0x00007ffe52b61000 	C:\Users\samas\.p2\pool\plugins\org.eclipse.justj.openjdk.hotspot.jre.full.win32.x86_64_19.0.2.v20230129-1123\jre\bin\msvcp140.dll
0x00007ffdd45e0000 - 0x00007ffdd52d1000 	C:\Users\samas\.p2\pool\plugins\org.eclipse.justj.openjdk.hotspot.jre.full.win32.x86_64_19.0.2.v20230129-1123\jre\bin\server\jvm.dll
0x00007ffe72140000 - 0x00007ffe721f3000 	C:\Windows\System32\ADVAPI32.dll
0x00007ffe70fa0000 - 0x00007ffe71048000 	C:\Windows\System32\sechost.dll
0x00007ffe70000000 - 0x00007ffe70028000 	C:\Windows\System32\bcrypt.dll
0x00007ffe70c60000 - 0x00007ffe70d77000 	C:\Windows\System32\RPCRT4.dll
0x00007ffe522b0000 - 0x00007ffe522b9000 	C:\Windows\SYSTEM32\WSOCK32.dll
0x00007ffe6c8b0000 - 0x00007ffe6c8e4000 	C:\Windows\SYSTEM32\WINMM.dll
0x00007ffe67770000 - 0x00007ffe6777a000 	C:\Windows\SYSTEM32\VERSION.dll
0x00007ffe71310000 - 0x00007ffe71381000 	C:\Windows\System32\WS2_32.dll
0x00007ffe6ea00000 - 0x00007ffe6ea18000 	C:\Windows\SYSTEM32\kernel.appcore.dll
0x00007ffe6b220000 - 0x00007ffe6b22a000 	C:\Users\samas\.p2\pool\plugins\org.eclipse.justj.openjdk.hotspot.jre.full.win32.x86_64_19.0.2.v20230129-1123\jre\bin\jimage.dll
0x00007ffe6d2a0000 - 0x00007ffe6d4d3000 	C:\Windows\SYSTEM32\DBGHELP.DLL
0x00007ffe71470000 - 0x00007ffe717f9000 	C:\Windows\System32\combase.dll
0x00007ffe72370000 - 0x00007ffe72447000 	C:\Windows\System32\OLEAUT32.dll
0x00007ffe5c400000 - 0x00007ffe5c432000 	C:\Windows\SYSTEM32\dbgcore.DLL
0x00007ffe6fee0000 - 0x00007ffe6ff5a000 	C:\Windows\System32\bcryptPrimitives.dll
0x00007ffe68500000 - 0x00007ffe68526000 	C:\Users\samas\.p2\pool\plugins\org.eclipse.justj.openjdk.hotspot.jre.full.win32.x86_64_19.0.2.v20230129-1123\jre\bin\java.dll
0x00007ffe69a30000 - 0x00007ffe69a48000 	C:\Users\samas\.p2\pool\plugins\org.eclipse.justj.openjdk.hotspot.jre.full.win32.x86_64_19.0.2.v20230129-1123\jre\bin\zip.dll
0x00007ffe71800000 - 0x00007ffe7205b000 	C:\Windows\System32\SHELL32.dll
0x00007ffe6d890000 - 0x00007ffe6e186000 	C:\Windows\SYSTEM32\windows.storage.dll
0x00007ffe6d750000 - 0x00007ffe6d88e000 	C:\Windows\SYSTEM32\wintypes.dll
0x00007ffe70680000 - 0x00007ffe70773000 	C:\Windows\System32\SHCORE.dll
0x00007ffe70480000 - 0x00007ffe704de000 	C:\Windows\System32\shlwapi.dll
0x00007ffe6f8a0000 - 0x00007ffe6f8c6000 	C:\Windows\SYSTEM32\profapi.dll
0x00007ffe69990000 - 0x00007ffe699a3000 	C:\Users\samas\.p2\pool\plugins\org.eclipse.justj.openjdk.hotspot.jre.full.win32.x86_64_19.0.2.v20230129-1123\jre\bin\net.dll
0x00007ffe6c460000 - 0x00007ffe6c597000 	C:\Windows\SYSTEM32\WINHTTP.dll
0x00007ffe6eed0000 - 0x00007ffe6ef39000 	C:\Windows\system32\mswsock.dll
0x00007ffe68bc0000 - 0x00007ffe68bd6000 	C:\Users\samas\.p2\pool\plugins\org.eclipse.justj.openjdk.hotspot.jre.full.win32.x86_64_19.0.2.v20230129-1123\jre\bin\nio.dll
0x00007ffe660f0000 - 0x00007ffe660f9000 	C:\Users\samas\.p2\pool\plugins\org.eclipse.justj.openjdk.hotspot.jre.full.win32.x86_64_19.0.2.v20230129-1123\jre\bin\management.dll
0x00007ffe54d20000 - 0x00007ffe54d2b000 	C:\Users\samas\.p2\pool\plugins\org.eclipse.justj.openjdk.hotspot.jre.full.win32.x86_64_19.0.2.v20230129-1123\jre\bin\management_ext.dll
0x00007ffe71300000 - 0x00007ffe71308000 	C:\Windows\System32\PSAPI.DLL
0x00007ffe66770000 - 0x00007ffe6677e000 	C:\Users\samas\.p2\pool\plugins\org.eclipse.justj.openjdk.hotspot.jre.full.win32.x86_64_19.0.2.v20230129-1123\jre\bin\sunmscapi.dll
0x00007ffe70030000 - 0x00007ffe70196000 	C:\Windows\System32\CRYPT32.dll
0x00007ffe6f310000 - 0x00007ffe6f33e000 	C:\Windows\SYSTEM32\ncrypt.dll
0x00007ffe6f2d0000 - 0x00007ffe6f307000 	C:\Windows\SYSTEM32\NTASN1.dll
0x00007ffe6f170000 - 0x00007ffe6f18b000 	C:\Windows\SYSTEM32\CRYPTSP.dll
0x00007ffe6e9c0000 - 0x00007ffe6e9f5000 	C:\Windows\system32\rsaenh.dll
0x00007ffe6ef70000 - 0x00007ffe6ef9c000 	C:\Windows\SYSTEM32\USERENV.dll
0x00007ffe6f0d0000 - 0x00007ffe6f0dc000 	C:\Windows\SYSTEM32\CRYPTBASE.dll
0x00007ffe6e460000 - 0x00007ffe6e48d000 	C:\Windows\SYSTEM32\IPHLPAPI.DLL
0x00007ffe71420000 - 0x00007ffe71429000 	C:\Windows\System32\NSI.dll
0x00007ffe67c30000 - 0x00007ffe67c49000 	C:\Windows\SYSTEM32\dhcpcsvc6.DLL
0x00007ffe67a40000 - 0x00007ffe67a5f000 	C:\Windows\SYSTEM32\dhcpcsvc.DLL
0x00007ffe6e4d0000 - 0x00007ffe6e5c9000 	C:\Windows\SYSTEM32\DNSAPI.dll
0x00007ffe68070000 - 0x00007ffe68080000 	C:\Users\samas\.p2\pool\plugins\org.eclipse.justj.openjdk.hotspot.jre.full.win32.x86_64_19.0.2.v20230129-1123\jre\bin\verify.dll
0x00007ffe66090000 - 0x00007ffe6609a000 	C:\Windows\System32\rasadhlp.dll
0x00007ffe66dd0000 - 0x00007ffe66e53000 	C:\Windows\System32\fwpuclnt.dll
0x00007ffe54d70000 - 0x00007ffe54d78000 	C:\Users\samas\.p2\pool\plugins\org.eclipse.justj.openjdk.hotspot.jre.full.win32.x86_64_19.0.2.v20230129-1123\jre\bin\extnet.dll
0x00007ffe19fa0000 - 0x00007ffe19fa8000 	C:\Windows\system32\wshunix.dll

dbghelp: loaded successfully - version: 4.0.5 - missing functions: none
symbol engine: initialized successfully - sym options: 0x614 - pdb path: .;C:\Users\samas\.p2\pool\plugins\org.eclipse.justj.openjdk.hotspot.jre.full.win32.x86_64_19.0.2.v20230129-1123\jre\bin;C:\Windows\SYSTEM32;C:\Windows\WinSxS\amd64_microsoft.windows.common-controls_6595b64144ccf1df_6.0.22621.2506_none_270c5ae97388e100;C:\Users\samas\.p2\pool\plugins\org.eclipse.justj.openjdk.hotspot.jre.full.win32.x86_64_19.0.2.v20230129-1123\jre\bin\server

VM Arguments:
jvm_args: -Dfile.encoding=UTF-8 -XX:+ShowCodeDetailsInExceptionMessages 
java_command: com.bibleapp.bibleproject.BibleProjectApplication
java_class_path (initial): D:\ecp-workspace\bible-project\bible-project\target\classes;C:\Users\samas\.m2\repository\org\springframework\boot\spring-boot-starter-actuator\3.2.2\spring-boot-starter-actuator-3.2.2.jar;C:\Users\samas\.m2\repository\org\springframework\boot\spring-boot-starter\3.2.2\spring-boot-starter-3.2.2.jar;C:\Users\samas\.m2\repository\org\springframework\boot\spring-boot-starter-logging\3.2.2\spring-boot-starter-logging-3.2.2.jar;C:\Users\samas\.m2\repository\ch\qos\logback\logback-classic\1.4.14\logback-classic-1.4.14.jar;C:\Users\samas\.m2\repository\ch\qos\logback\logback-core\1.4.14\logback-core-1.4.14.jar;C:\Users\samas\.m2\repository\org\apache\logging\log4j\log4j-to-slf4j\2.21.1\log4j-to-slf4j-2.21.1.jar;C:\Users\samas\.m2\repository\org\apache\logging\log4j\log4j-api\2.21.1\log4j-api-2.21.1.jar;C:\Users\samas\.m2\repository\org\slf4j\jul-to-slf4j\2.0.11\jul-to-slf4j-2.0.11.jar;C:\Users\samas\.m2\repository\jakarta\annotation\jakarta.annotation-api\2.1.1\jakarta.annotation-api-2.1.1.jar;C:\Users\samas\.m2\repository\org\yaml\snakeyaml\2.2\snakeyaml-2.2.jar;C:\Users\samas\.m2\repository\org\springframework\boot\spring-boot-actuator-autoconfigure\3.2.2\spring-boot-actuator-autoconfigure-3.2.2.jar;C:\Users\samas\.m2\repository\org\springframework\boot\spring-boot-actuator\3.2.2\spring-boot-actuator-3.2.2.jar;C:\Users\samas\.m2\repository\com\fasterxml\jackson\datatype\jackson-datatype-jsr310\2.15.3\jackson-datatype-jsr310-2.15.3.jar;C:\Users\samas\.m2\repository\io\micrometer\micrometer-observation\1.12.2\micrometer-observation-1.12.2.jar;C:\Users\samas\.m2\repository\io\micrometer\micrometer-commons\1.12.2\micrometer-commons-1.12.2.jar;C:\Users\samas\.m2\repository\io\micrometer\micrometer-jakarta9\1.12.2\micrometer-jakarta9-1.12.2.jar;C:\Users\samas\.m2\repository\io\micrometer\micrometer-core\1.12.2\micrometer-core-1.12.2.jar;C:\Users\samas\.m2\repository\org\hdrhistogram\HdrHistogram\2.1.12\HdrHistogram-2.1.12.jar;C:\Users\samas\.m2\repository\org\latencyutils\LatencyUtils\2.0.3\LatencyUtils-2.0.3.jar;C:\Users\samas\.m2\repository\org\springframework\boot\spring-boot-starter-web\3.2.2\spring-boot-starter-web-3.2.2.jar;C:\Users\samas\.m2\repository\org\springframework\boot\spring-boot-starter-json\3.2.2\spring-boot-starter-json-3.2.2.jar;C:\Users\samas\.m2\repository\com\fasterxml\jackson\datatype\jackson-datatype-jdk8\2.15.3\jackson-datatype-jdk8-2.15.3.jar;C:\Users\samas\.m2\repository\com\fasterxml\jackson\module\jackson-module-parameter-names\2.15.3\jackson-module-parameter-names-2.15.3.jar;C:\Users\samas\.m2\repository\org\springframework\boot\spring-boot-starter-tomcat\3.2.2\spring-boot-starter-tomcat-3.2.2.jar;C:\Users\samas\.m2\repository\org\apache\tomcat\embed\tomcat-embed-core\10.1.18\tomcat-embed-core-10.1.18.jar;C:\Users\samas\.m2\repository\org\apache\tomcat\embed\tomcat-embed-el\10.1.18\tomcat-embed-el-10.1.18.jar;C:\Users\samas\.m2\repository\org\apache\tomcat\embed\tomcat-embed-websocket\10.1.18\tomcat-embed-websocket-10.1.18.jar;C:\Users\samas\.m2\repository\org\springframework\spring-web\6.1.3\spring-web-6.1.3.jar;C:\Users\samas\.m2\repository\org\springframework\spring-beans\6.1.3\spring-beans-6.1.3.jar;C:\Users\samas\.m2\repository\org\springframework\spring-webmvc\6.1.3\spring-webmvc-6.1.3.jar;C:\Users\samas\.m2\repository\org\springframework\spring-aop\6.1.3\spring-aop-6.1.3.jar;C:\Users\samas\.m2\repository\org\springframework\spring-context\6.1.3\spring-context-6.1.3.jar;C:\Users\samas\.m2\repository\org\springframework\spring-expression\6.1.3\spring-expression-6.1.3.jar;C:\Users\samas\.m2\repository\org\springframework\boot\spring-boot-devtools\3.2.2\spring-boot-devtools-3.2.2.jar;C:\Users\samas\.m2\repository\org\springframework\boot\spring-boot\3.2.2\spring-boot-3.2.2.jar;C:\Users\samas\.m2\repository\org\springframework\boot\spring-boot-autoconfigure\3.2.2\spring-boot-autoconfigure-3.2.2.jar;C:\Users\samas\.m2\repository\org\slf4j\slf4j-api\2.0.11\slf4j-api-2.0.11.jar;C:\Users\samas\.m2\repository\jakarta\xml\bind\jakarta.xml.bind-api\4.0.1\jakarta.xml.bind-api-4.0.1.jar;C:\Users\samas\.m2\repository\jakarta\activation\jakarta.activation-api\2.1.2\jakarta.activation-api-2.1.2.jar;C:\Users\samas\.m2\repository\net\bytebuddy\byte-buddy\1.14.11\byte-buddy-1.14.11.jar;C:\Users\samas\.m2\repository\org\springframework\spring-core\6.1.3\spring-core-6.1.3.jar;C:\Users\samas\.m2\repository\org\springframework\spring-jcl\6.1.3\spring-jcl-6.1.3.jar;C:\Users\samas\.m2\repository\com\fasterxml\jackson\core\jackson-databind\2.15.3\jackson-databind-2.15.3.jar;C:\Users\samas\.m2\repository\com\fasterxml\jackson\core\jackson-annotations\2.15.3\jackson-annotations-2.15.3.jar;C:\Users\samas\.m2\repository\com\fasterxml\jackson\core\jackson-core\2.15.3\jackson-core-2.15.3.jar;C:\Users\samas\.m2\repository\com\mysql\mysql-connector-j\8.0.33\mysql-connector-j-8.0.33.jar;C:\Users\samas\.m2\repository\org\springframework\boot\spring-boot-starter-data-jpa\3.2.2\spring-boot-starter-data-jpa-3.2.2.jar;C:\Users\samas\.m2\repository\org\springframework\boot\spring-boot-starter-aop\3.2.2\spring-boot-starter-aop-3.2.2.jar;C:\Users\samas\.m2\repository\org\aspectj\aspectjweaver\1.9.21\aspectjweaver-1.9.21.jar;C:\Users\samas\.m2\repository\org\springframework\boot\spring-boot-starter-jdbc\3.2.2\spring-boot-starter-jdbc-3.2.2.jar;C:\Users\samas\.m2\repository\com\zaxxer\HikariCP\5.0.1\HikariCP-5.0.1.jar;C:\Users\samas\.m2\repository\org\springframework\spring-jdbc\6.1.3\spring-jdbc-6.1.3.jar;C:\Users\samas\.m2\repository\org\hibernate\orm\hibernate-core\6.4.1.Final\hibernate-core-6.4.1.Final.jar;C:\Users\samas\.m2\repository\jakarta\persistence\jakarta.persistence-api\3.1.0\jakarta.persistence-api-3.1.0.jar;C:\Users\samas\.m2\repository\jakarta\transaction\jakarta.transaction-api\2.0.1\jakarta.transaction-api-2.0.1.jar;C:\Users\samas\.m2\repository\org\jboss\logging\jboss-logging\3.5.3.Final\jboss-logging-3.5.3.Final.jar;C:\Users\samas\.m2\repository\org\hibernate\common\hibernate-commons-annotations\6.0.6.Final\hibernate-commons-annotations-6.0.6.Final.jar;C:\Users\samas\.m2\repository\io\smallrye\jandex\3.1.2\jandex-3.1.2.jar;C:\Users\samas\.m2\repository\com\fasterxml\classmate\1.6.0\classmate-1.6.0.jar;C:\Users\samas\.m2\repository\org\glassfish\jaxb\jaxb-runtime\4.0.4\jaxb-runtime-4.0.4.jar;C:\Users\samas\.m2\repository\org\glassfish\jaxb\jaxb-core\4.0.4\jaxb-core-4.0.4.jar;C:\Users\samas\.m2\repository\org\eclipse\angus\angus-activation\2.0.1\angus-activation-2.0.1.jar;C:\Users\samas\.m2\repository\org\glassfish\jaxb\txw2\4.0.4\txw2-4.0.4.jar;C:\Users\samas\.m2\repository\com\sun\istack\istack-commons-runtime\4.1.2\istack-commons-runtime-4.1.2.jar;C:\Users\samas\.m2\repository\jakarta\inject\jakarta.inject-api\2.0.1\jakarta.inject-api-2.0.1.jar;C:\Users\samas\.m2\repository\org\antlr\antlr4-runtime\4.13.0\antlr4-runtime-4.13.0.jar;C:\Users\samas\.m2\repository\org\springframework\data\spring-data-jpa\3.2.2\spring-data-jpa-3.2.2.jar;C:\Users\samas\.m2\repository\org\springframework\data\spring-data-commons\3.2.2\spring-data-commons-3.2.2.jar;C:\Users\samas\.m2\repository\org\springframework\spring-orm\6.1.3\spring-orm-6.1.3.jar;C:\Users\samas\.m2\repository\org\springframework\spring-tx\6.1.3\spring-tx-6.1.3.jar;C:\Users\samas\.m2\repository\org\springframework\spring-aspects\6.1.3\spring-aspects-6.1.3.jar
Launcher Type: SUN_STANDARD

[Global flags]
     intx CICompilerCount                          = 4                                         {product} {ergonomic}
     uint ConcGCThreads                            = 3                                         {product} {ergonomic}
     uint G1ConcRefinementThreads                  = 10                                        {product} {ergonomic}
   size_t G1HeapRegionSize                         = 2097152                                   {product} {ergonomic}
    uintx GCDrainStackTargetSize                   = 64                                        {product} {ergonomic}
   size_t InitialHeapSize                          = 266338304                                 {product} {ergonomic}
   size_t MarkStackSize                            = 4194304                                   {product} {ergonomic}
   size_t MaxHeapSize                              = 4242538496                                {product} {ergonomic}
   size_t MaxNewSize                               = 2543845376                                {product} {ergonomic}
   size_t MinHeapDeltaBytes                        = 2097152                                   {product} {ergonomic}
   size_t MinHeapSize                              = 8388608                                   {product} {ergonomic}
    uintx NonNMethodCodeHeapSize                   = 5839372                                {pd product} {ergonomic}
    uintx NonProfiledCodeHeapSize                  = 122909434                              {pd product} {ergonomic}
    uintx ProfiledCodeHeapSize                     = 122909434                              {pd product} {ergonomic}
    uintx ReservedCodeCacheSize                    = 251658240                              {pd product} {ergonomic}
     bool SegmentedCodeCache                       = true                                      {product} {ergonomic}
     bool ShowCodeDetailsInExceptionMessages       = true                                   {manageable} {command line}
   size_t SoftMaxHeapSize                          = 4242538496                             {manageable} {ergonomic}
     bool UseCompressedClassPointers               = true                           {product lp64_product} {ergonomic}
     bool UseCompressedOops                        = true                           {product lp64_product} {ergonomic}
     bool UseG1GC                                  = true                                      {product} {ergonomic}
     bool UseLargePagesIndividualAllocation        = false                                  {pd product} {ergonomic}

Logging:
Log output configuration:
 #0: stdout all=warning uptime,level,tags foldmultilines=false
 #1: stderr all=off uptime,level,tags foldmultilines=false

Environment Variables:
PATH=C:/Users/samas/.p2/pool/plugins/org.eclipse.justj.openjdk.hotspot.jre.full.win32.x86_64_19.0.2.v20230129-1123/jre/bin/server;C:/Users/samas/.p2/pool/plugins/org.eclipse.justj.openjdk.hotspot.jre.full.win32.x86_64_19.0.2.v20230129-1123/jre/bin;C:\Program Files\Eclipse Adoptium\jdk-21.0.1.12-hotspot\bin;D:\VMBox\bin\;C:\Program Files (x86)\Intel\Intel(R) Management Engine Components\iCLS\;C:\Program Files\Intel\Intel(R) Management Engine Components\iCLS\;C:\Windows\system32;C:\Windows;C:\Windows\System32\Wbem;C:\Windows\System32\WindowsPowerShell\v1.0\;C:\Windows\System32\OpenSSH\;C:\Program Files (x86)\Intel\Intel(R) Management Engine Components\DAL;C:\Program Files\Intel\Intel(R) Management Engine Components\DAL;C:\Program Files (x86)\Intel\Intel(R) Management Engine Components\IPT;C:\Program Files\Intel\Intel(R) Management Engine Components\IPT;C:\Program Files\Intel\WiFi\bin\;C:\Program Files\Common Files\Intel\WirelessCommon\;C:\Program Files (x86)\NVIDIA Corporation\PhysX\Common;C:\Windows\system32;C:\Windows;C:\Windows\System32\Wbem;C:\Windows\System32\WindowsPowerShell\v1.0\;C:\Windows\System32\OpenSSH\;D:\Nodejs\;D:\Git\cmd;C:\Program Files\Docker\Docker\resources\bin;C:\Program Files\NVIDIA Corporation\NVIDIA NvDLISR;C:\Users\samas\AppData\Local\Microsoft\WindowsApps;D:\Microsoft VS Code\bin;C:\Users\samas\AppData\Local\GitHubDesktop\bin;C:\Users\samas\AppData\Roaming\npm;D:\mongosh\;C:\Users\samas\AppData\Local\Google\Cloud SDK\google-cloud-sdk\bin;C:\Users\samas\Desktop;
USERNAME=samas
OS=Windows_NT
PROCESSOR_IDENTIFIER=Intel64 Family 6 Model 158 Stepping 10, GenuineIntel
TMP=C:\Users\samas\AppData\Local\Temp
TEMP=C:\Users\samas\AppData\Local\Temp



---------------  S Y S T E M  ---------------

OS:
 Windows 11 , 64 bit Build 22621 (10.0.22621.3085)
OS uptime: 0 days 4:50 hours
Hyper-V role detected

CPU: total 12 (initial active 12) (6 cores per cpu, 2 threads per core) family 6 model 158 stepping 10 microcode 0xec, cx8, cmov, fxsr, ht, mmx, 3dnowpref, sse, sse2, sse3, ssse3, sse4.1, sse4.2, popcnt, lzcnt, tsc, tscinvbit, avx, avx2, aes, erms, clmul, bmi1, bmi2, adx, fma, vzeroupper, clflush, clflushopt, hv, rdtscp

Memory: 4k page, system-wide physical 16178M (3410M free)
TotalPageFile size 26163M (AvailPageFile size 67M)
current process WorkingSet (physical memory assigned to process): 349M, peak: 394M
current process commit charge ("private bytes"): 500M, peak: 556M

vm_info: OpenJDK 64-Bit Server VM (19.0.2+7) for windows-amd64 JRE (19.0.2+7), built on 2023-01-17T00:00:00Z by "temurin" with MS VC++ 16.7 (VS2019)

END.
