#
# There is insufficient memory for the Java Runtime Environment to continue.
# Native memory allocation (malloc) failed to allocate 137296 bytes for Chunk::new
# Possible reasons:
#   The system is out of physical RAM or swap space
#   The process is running with CompressedOops enabled, and the Java Heap may be blocking the growth of the native heap
# Possible solutions:
#   Reduce memory load on the system
#   Increase physical memory or swap space
#   Check if swap backing store is full
#   Decrease Java heap size (-Xmx/-Xms)
#   Decrease number of Java threads
#   Decrease Java thread stack sizes (-Xss)
#   Set larger code cache with -XX:ReservedCodeCacheSize=
#   JVM is running with Zero Based Compressed Oops mode in which the Java heap is
#     placed in the first 32GB address space. The Java Heap base address is the
#     maximum limit for the native heap growth. Please use -XX:HeapBaseMinAddress
#     to set the Java Heap base and to place the Java Heap above 32GB virtual address.
# This output file may be truncated or incomplete.
#
#  Out of Memory Error (arena.cpp:184), pid=1964, tid=21460
#
# JRE version: OpenJDK Runtime Environment Temurin-19.0.2+7 (19.0.2+7) (build 19.0.2+7)
# Java VM: OpenJDK 64-Bit Server VM Temurin-19.0.2+7 (19.0.2+7, mixed mode, tiered, compressed oops, compressed class ptrs, g1 gc, windows-amd64)
# No core dump will be written. Minidumps are not enabled by default on client versions of Windows
#

---------------  S U M M A R Y ------------

Command Line: -Dfile.encoding=UTF-8 -XX:+ShowCodeDetailsInExceptionMessages com.bibleapp.bibleproject.BibleProjectApplication

Host: Intel(R) Core(TM) i7-8750H CPU @ 2.20GHz, 12 cores, 15G,  Windows 11 , 64 bit Build 22621 (10.0.22621.3085)
Time: Thu Feb 29 22:34:37 2024 India Standard Time elapsed time: 1.397292 seconds (0d 0h 0m 1s)

---------------  T H R E A D  ---------------

Current thread (0x00000265ac8e9e90):  JavaThread "C2 CompilerThread0" daemon [_thread_in_native, id=21460, stack(0x0000008785100000,0x0000008785200000)]


Current CompileTask:
C2:   1397 1078  s!   4       jdk.internal.loader.URLClassPath::getLoader (194 bytes)

Stack: [0x0000008785100000,0x0000008785200000]
Native frames: (J=compiled Java code, j=interpreted, Vv=VM code, C=native code)
V  [jvm.dll+0x6e9e1a]
V  [jvm.dll+0x8a36c0]
V  [jvm.dll+0x8a50ae]
V  [jvm.dll+0x8a5763]
V  [jvm.dll+0x27bcdf]
V  [jvm.dll+0xc221f]
V  [jvm.dll+0xc2595]
V  [jvm.dll+0x3b7d9b]
V  [jvm.dll+0x3815f1]
V  [jvm.dll+0x380a9a]
V  [jvm.dll+0x2452db]
V  [jvm.dll+0x244671]
V  [jvm.dll+0x1cf4b1]
V  [jvm.dll+0x254229]
V  [jvm.dll+0x252418]
V  [jvm.dll+0x85403d]
V  [jvm.dll+0x84de3a]
V  [jvm.dll+0x6e8abb]
C  [ucrtbase.dll+0x29363]
C  [KERNEL32.DLL+0x1257d]
C  [ntdll.dll+0x5aa58]


---------------  P R O C E S S  ---------------

Threads class SMR info:
_java_thread_list=0x00000265adba2140, length=15, elements={
0x000002658965cf20, 0x00000265ac89b430, 0x00000265ac89c2c0, 0x00000265ac8bfd60,
0x00000265ac8c0890, 0x00000265ac8b14e0, 0x00000265ac8c9940, 0x00000265ac8e9e90,
0x00000265ac8ea5b0, 0x00000265ac8a6e60, 0x00000265aca57410, 0x00000265aca55430,
0x00000265acbb9230, 0x00000265aca56420, 0x00000265aca55980
}

Java Threads: ( => current thread )
  0x000002658965cf20 JavaThread "main" [_thread_blocked, id=3040, stack(0x0000008784400000,0x0000008784500000)]
  0x00000265ac89b430 JavaThread "Reference Handler" daemon [_thread_blocked, id=25288, stack(0x0000008784b00000,0x0000008784c00000)]
  0x00000265ac89c2c0 JavaThread "Finalizer" daemon [_thread_blocked, id=3580, stack(0x0000008784c00000,0x0000008784d00000)]
  0x00000265ac8bfd60 JavaThread "Signal Dispatcher" daemon [_thread_blocked, id=19924, stack(0x0000008784d00000,0x0000008784e00000)]
  0x00000265ac8c0890 JavaThread "Attach Listener" daemon [_thread_blocked, id=25428, stack(0x0000008784e00000,0x0000008784f00000)]
  0x00000265ac8b14e0 JavaThread "Service Thread" daemon [_thread_blocked, id=12004, stack(0x0000008784f00000,0x0000008785000000)]
  0x00000265ac8c9940 JavaThread "Monitor Deflation Thread" daemon [_thread_blocked, id=25596, stack(0x0000008785000000,0x0000008785100000)]
=>0x00000265ac8e9e90 JavaThread "C2 CompilerThread0" daemon [_thread_in_native, id=21460, stack(0x0000008785100000,0x0000008785200000)]
  0x00000265ac8ea5b0 JavaThread "C1 CompilerThread0" daemon [_thread_in_native, id=18808, stack(0x0000008785200000,0x0000008785300000)]
  0x00000265ac8a6e60 JavaThread "Sweeper thread" daemon [_thread_blocked, id=22232, stack(0x0000008785300000,0x0000008785400000)]
  0x00000265aca57410 JavaThread "Notification Thread" daemon [_thread_blocked, id=25024, stack(0x0000008785400000,0x0000008785500000)]
  0x00000265aca55430 JavaThread "Common-Cleaner" daemon [_thread_blocked, id=20684, stack(0x0000008785600000,0x0000008785700000)]
  0x00000265acbb9230 JavaThread "C2 CompilerThread1" daemon [_thread_blocked, id=24016, stack(0x0000008785700000,0x0000008785800000)]
  0x00000265aca56420 JavaThread "Thread-0" [_thread_blocked, id=25336, stack(0x0000008785800000,0x0000008785900000)]
  0x00000265aca55980 JavaThread "restartedMain" [_thread_in_native, id=6028, stack(0x0000008785900000,0x0000008785a00000)]

Other Threads:
  0x00000265ac83a7f0 VMThread "VM Thread" [stack: 0x0000008784a00000,0x0000008784b00000] [id=18564]
  0x00000265aca5b040 WatcherThread "VM Periodic Task Thread" [stack: 0x0000008785500000,0x0000008785600000] [id=15476]
  0x00000265896cead0 WorkerThread "GC Thread#0" [stack: 0x0000008784500000,0x0000008784600000] [id=9184]
  0x00000265ad2c9f50 WorkerThread "GC Thread#1" [stack: 0x0000008785a00000,0x0000008785b00000] [id=25152]
  0x00000265adbdc9d0 WorkerThread "GC Thread#2" [stack: 0x0000008785b00000,0x0000008785c00000] [id=21200]
  0x00000265ad836020 WorkerThread "GC Thread#3" [stack: 0x0000008785c00000,0x0000008785d00000] [id=18220]
  0x00000265ada44730 WorkerThread "GC Thread#4" [stack: 0x0000008785d00000,0x0000008785e00000] [id=17224]
  0x00000265ada45540 WorkerThread "GC Thread#5" [stack: 0x0000008785e00000,0x0000008785f00000] [id=25464]
  0x00000265896e0040 ConcurrentGCThread "G1 Main Marker" [stack: 0x0000008784600000,0x0000008784700000] [id=23628]
  0x00000265896e0a70 WorkerThread "G1 Conc#0" [stack: 0x0000008784700000,0x0000008784800000] [id=16716]
  0x000002658970e920 ConcurrentGCThread "G1 Refine#0" [stack: 0x0000008784800000,0x0000008784900000] [id=25592]
  0x00000265a7db09b0 ConcurrentGCThread "G1 Service" [stack: 0x0000008784900000,0x0000008784a00000] [id=12160]

Threads with active compile tasks:
C2 CompilerThread0     1435 1078  s!   4       jdk.internal.loader.URLClassPath::getLoader (194 bytes)
C1 CompilerThread0     1435 1103       3       java.lang.ClassLoader::preDefineClass (118 bytes)

VM state: not at safepoint (normal execution)

VM Mutex/Monitor currently owned by a thread: None

Heap address: 0x0000000703200000, size: 4046 MB, Compressed Oops mode: Zero based, Oop shift amount: 3

CDS archive(s) not mapped
Compressed class space mapped at: 0x0000000800000000-0x0000000840000000, reserved size: 1073741824
Narrow klass base: 0x0000000800000000, Narrow klass shift: 0, Narrow klass range: 0x40000000

GC Precious Log:
 CardTable entry size: 512
 Card Set container configuration: InlinePtr #cards 4 size 8 Array Of Cards #cards 16 size 48 Howl #buckets 8 coarsen threshold 3686 Howl Bitmap #cards 512 size 80 coarsen threshold 460 Card regions per heap region 1 cards per card region 4096
 CPUs: 12 total, 12 available
 Memory: 16178M
 Large Page Support: Disabled
 NUMA Support: Disabled
 Compressed Oops: Enabled (Zero based)
 Heap Region Size: 2M
 Heap Min Capacity: 8M
 Heap Initial Capacity: 254M
 Heap Max Capacity: 4046M
 Pre-touch: Disabled
 Parallel Workers: 10
 Concurrent Workers: 3
 Concurrent Refinement Workers: 10
 Periodic GC: Disabled

Heap:
 garbage-first heap   total 260096K, used 8105K [0x0000000703200000, 0x0000000800000000)
  region size 2048K, 4 young (8192K), 2 survivors (4096K)
 Metaspace       used 13943K, committed 14208K, reserved 1114112K
  class space    used 1326K, committed 1472K, reserved 1048576K

Heap Regions: E=young(eden), S=young(survivor), O=old, HS=humongous(starts), HC=humongous(continues), CS=collection set, F=free, OA=open archive, CA=closed archive, TAMS=top-at-mark-start (previous, next)
|   0|0x0000000703200000, 0x00000007033ea400, 0x0000000703400000| 95%| O|  |TAMS 0x0000000703200000, 0x0000000703200000| Untracked 
|   1|0x0000000703400000, 0x0000000703400000, 0x0000000703600000|  0%| F|  |TAMS 0x0000000703400000, 0x0000000703400000| Untracked 
|   2|0x0000000703600000, 0x0000000703600000, 0x0000000703800000|  0%| F|  |TAMS 0x0000000703600000, 0x0000000703600000| Untracked 
|   3|0x0000000703800000, 0x0000000703800000, 0x0000000703a00000|  0%| F|  |TAMS 0x0000000703800000, 0x0000000703800000| Untracked 
|   4|0x0000000703a00000, 0x0000000703a00000, 0x0000000703c00000|  0%| F|  |TAMS 0x0000000703a00000, 0x0000000703a00000| Untracked 
|   5|0x0000000703c00000, 0x0000000703c00000, 0x0000000703e00000|  0%| F|  |TAMS 0x0000000703c00000, 0x0000000703c00000| Untracked 
|   6|0x0000000703e00000, 0x0000000703e00000, 0x0000000704000000|  0%| F|  |TAMS 0x0000000703e00000, 0x0000000703e00000| Untracked 
|   7|0x0000000704000000, 0x0000000704000000, 0x0000000704200000|  0%| F|  |TAMS 0x0000000704000000, 0x0000000704000000| Untracked 
|   8|0x0000000704200000, 0x0000000704200000, 0x0000000704400000|  0%| F|  |TAMS 0x0000000704200000, 0x0000000704200000| Untracked 
|   9|0x0000000704400000, 0x0000000704400000, 0x0000000704600000|  0%| F|  |TAMS 0x0000000704400000, 0x0000000704400000| Untracked 
|  10|0x0000000704600000, 0x0000000704600000, 0x0000000704800000|  0%| F|  |TAMS 0x0000000704600000, 0x0000000704600000| Untracked 
|  11|0x0000000704800000, 0x0000000704800000, 0x0000000704a00000|  0%| F|  |TAMS 0x0000000704800000, 0x0000000704800000| Untracked 
|  12|0x0000000704a00000, 0x0000000704a00000, 0x0000000704c00000|  0%| F|  |TAMS 0x0000000704a00000, 0x0000000704a00000| Untracked 
|  13|0x0000000704c00000, 0x0000000704c00000, 0x0000000704e00000|  0%| F|  |TAMS 0x0000000704c00000, 0x0000000704c00000| Untracked 
|  14|0x0000000704e00000, 0x0000000704e00000, 0x0000000705000000|  0%| F|  |TAMS 0x0000000704e00000, 0x0000000704e00000| Untracked 
|  15|0x0000000705000000, 0x0000000705000000, 0x0000000705200000|  0%| F|  |TAMS 0x0000000705000000, 0x0000000705000000| Untracked 
|  16|0x0000000705200000, 0x0000000705200000, 0x0000000705400000|  0%| F|  |TAMS 0x0000000705200000, 0x0000000705200000| Untracked 
|  17|0x0000000705400000, 0x0000000705400000, 0x0000000705600000|  0%| F|  |TAMS 0x0000000705400000, 0x0000000705400000| Untracked 
|  18|0x0000000705600000, 0x0000000705600000, 0x0000000705800000|  0%| F|  |TAMS 0x0000000705600000, 0x0000000705600000| Untracked 
|  19|0x0000000705800000, 0x0000000705800000, 0x0000000705a00000|  0%| F|  |TAMS 0x0000000705800000, 0x0000000705800000| Untracked 
|  20|0x0000000705a00000, 0x0000000705a00000, 0x0000000705c00000|  0%| F|  |TAMS 0x0000000705a00000, 0x0000000705a00000| Untracked 
|  21|0x0000000705c00000, 0x0000000705c00000, 0x0000000705e00000|  0%| F|  |TAMS 0x0000000705c00000, 0x0000000705c00000| Untracked 
|  22|0x0000000705e00000, 0x0000000705e00000, 0x0000000706000000|  0%| F|  |TAMS 0x0000000705e00000, 0x0000000705e00000| Untracked 
|  23|0x0000000706000000, 0x0000000706000000, 0x0000000706200000|  0%| F|  |TAMS 0x0000000706000000, 0x0000000706000000| Untracked 
|  24|0x0000000706200000, 0x0000000706200000, 0x0000000706400000|  0%| F|  |TAMS 0x0000000706200000, 0x0000000706200000| Untracked 
|  25|0x0000000706400000, 0x0000000706400000, 0x0000000706600000|  0%| F|  |TAMS 0x0000000706400000, 0x0000000706400000| Untracked 
|  26|0x0000000706600000, 0x0000000706600000, 0x0000000706800000|  0%| F|  |TAMS 0x0000000706600000, 0x0000000706600000| Untracked 
|  27|0x0000000706800000, 0x0000000706800000, 0x0000000706a00000|  0%| F|  |TAMS 0x0000000706800000, 0x0000000706800000| Untracked 
|  28|0x0000000706a00000, 0x0000000706a00000, 0x0000000706c00000|  0%| F|  |TAMS 0x0000000706a00000, 0x0000000706a00000| Untracked 
|  29|0x0000000706c00000, 0x0000000706c00000, 0x0000000706e00000|  0%| F|  |TAMS 0x0000000706c00000, 0x0000000706c00000| Untracked 
|  30|0x0000000706e00000, 0x0000000706e00000, 0x0000000707000000|  0%| F|  |TAMS 0x0000000706e00000, 0x0000000706e00000| Untracked 
|  31|0x0000000707000000, 0x0000000707000000, 0x0000000707200000|  0%| F|  |TAMS 0x0000000707000000, 0x0000000707000000| Untracked 
|  32|0x0000000707200000, 0x0000000707200000, 0x0000000707400000|  0%| F|  |TAMS 0x0000000707200000, 0x0000000707200000| Untracked 
|  33|0x0000000707400000, 0x0000000707400000, 0x0000000707600000|  0%| F|  |TAMS 0x0000000707400000, 0x0000000707400000| Untracked 
|  34|0x0000000707600000, 0x0000000707600000, 0x0000000707800000|  0%| F|  |TAMS 0x0000000707600000, 0x0000000707600000| Untracked 
|  35|0x0000000707800000, 0x0000000707800000, 0x0000000707a00000|  0%| F|  |TAMS 0x0000000707800000, 0x0000000707800000| Untracked 
|  36|0x0000000707a00000, 0x0000000707a00000, 0x0000000707c00000|  0%| F|  |TAMS 0x0000000707a00000, 0x0000000707a00000| Untracked 
|  37|0x0000000707c00000, 0x0000000707c00000, 0x0000000707e00000|  0%| F|  |TAMS 0x0000000707c00000, 0x0000000707c00000| Untracked 
|  38|0x0000000707e00000, 0x0000000707e00000, 0x0000000708000000|  0%| F|  |TAMS 0x0000000707e00000, 0x0000000707e00000| Untracked 
|  39|0x0000000708000000, 0x0000000708000000, 0x0000000708200000|  0%| F|  |TAMS 0x0000000708000000, 0x0000000708000000| Untracked 
|  40|0x0000000708200000, 0x0000000708200000, 0x0000000708400000|  0%| F|  |TAMS 0x0000000708200000, 0x0000000708200000| Untracked 
|  41|0x0000000708400000, 0x0000000708400000, 0x0000000708600000|  0%| F|  |TAMS 0x0000000708400000, 0x0000000708400000| Untracked 
|  42|0x0000000708600000, 0x0000000708600000, 0x0000000708800000|  0%| F|  |TAMS 0x0000000708600000, 0x0000000708600000| Untracked 
|  43|0x0000000708800000, 0x0000000708800000, 0x0000000708a00000|  0%| F|  |TAMS 0x0000000708800000, 0x0000000708800000| Untracked 
|  44|0x0000000708a00000, 0x0000000708a00000, 0x0000000708c00000|  0%| F|  |TAMS 0x0000000708a00000, 0x0000000708a00000| Untracked 
|  45|0x0000000708c00000, 0x0000000708c00000, 0x0000000708e00000|  0%| F|  |TAMS 0x0000000708c00000, 0x0000000708c00000| Untracked 
|  46|0x0000000708e00000, 0x0000000708e00000, 0x0000000709000000|  0%| F|  |TAMS 0x0000000708e00000, 0x0000000708e00000| Untracked 
|  47|0x0000000709000000, 0x0000000709000000, 0x0000000709200000|  0%| F|  |TAMS 0x0000000709000000, 0x0000000709000000| Untracked 
|  48|0x0000000709200000, 0x0000000709200000, 0x0000000709400000|  0%| F|  |TAMS 0x0000000709200000, 0x0000000709200000| Untracked 
|  49|0x0000000709400000, 0x0000000709400000, 0x0000000709600000|  0%| F|  |TAMS 0x0000000709400000, 0x0000000709400000| Untracked 
|  50|0x0000000709600000, 0x0000000709600000, 0x0000000709800000|  0%| F|  |TAMS 0x0000000709600000, 0x0000000709600000| Untracked 
|  51|0x0000000709800000, 0x0000000709800000, 0x0000000709a00000|  0%| F|  |TAMS 0x0000000709800000, 0x0000000709800000| Untracked 
|  52|0x0000000709a00000, 0x0000000709a00000, 0x0000000709c00000|  0%| F|  |TAMS 0x0000000709a00000, 0x0000000709a00000| Untracked 
|  53|0x0000000709c00000, 0x0000000709c00000, 0x0000000709e00000|  0%| F|  |TAMS 0x0000000709c00000, 0x0000000709c00000| Untracked 
|  54|0x0000000709e00000, 0x0000000709e00000, 0x000000070a000000|  0%| F|  |TAMS 0x0000000709e00000, 0x0000000709e00000| Untracked 
|  55|0x000000070a000000, 0x000000070a000000, 0x000000070a200000|  0%| F|  |TAMS 0x000000070a000000, 0x000000070a000000| Untracked 
|  56|0x000000070a200000, 0x000000070a200000, 0x000000070a400000|  0%| F|  |TAMS 0x000000070a200000, 0x000000070a200000| Untracked 
|  57|0x000000070a400000, 0x000000070a400000, 0x000000070a600000|  0%| F|  |TAMS 0x000000070a400000, 0x000000070a400000| Untracked 
|  58|0x000000070a600000, 0x000000070a600000, 0x000000070a800000|  0%| F|  |TAMS 0x000000070a600000, 0x000000070a600000| Untracked 
|  59|0x000000070a800000, 0x000000070a800000, 0x000000070aa00000|  0%| F|  |TAMS 0x000000070a800000, 0x000000070a800000| Untracked 
|  60|0x000000070aa00000, 0x000000070aa00000, 0x000000070ac00000|  0%| F|  |TAMS 0x000000070aa00000, 0x000000070aa00000| Untracked 
|  61|0x000000070ac00000, 0x000000070ac00000, 0x000000070ae00000|  0%| F|  |TAMS 0x000000070ac00000, 0x000000070ac00000| Untracked 
|  62|0x000000070ae00000, 0x000000070ae00000, 0x000000070b000000|  0%| F|  |TAMS 0x000000070ae00000, 0x000000070ae00000| Untracked 
|  63|0x000000070b000000, 0x000000070b000000, 0x000000070b200000|  0%| F|  |TAMS 0x000000070b000000, 0x000000070b000000| Untracked 
|  64|0x000000070b200000, 0x000000070b200000, 0x000000070b400000|  0%| F|  |TAMS 0x000000070b200000, 0x000000070b200000| Untracked 
|  65|0x000000070b400000, 0x000000070b400000, 0x000000070b600000|  0%| F|  |TAMS 0x000000070b400000, 0x000000070b400000| Untracked 
|  66|0x000000070b600000, 0x000000070b600000, 0x000000070b800000|  0%| F|  |TAMS 0x000000070b600000, 0x000000070b600000| Untracked 
|  67|0x000000070b800000, 0x000000070b800000, 0x000000070ba00000|  0%| F|  |TAMS 0x000000070b800000, 0x000000070b800000| Untracked 
|  68|0x000000070ba00000, 0x000000070ba00000, 0x000000070bc00000|  0%| F|  |TAMS 0x000000070ba00000, 0x000000070ba00000| Untracked 
|  69|0x000000070bc00000, 0x000000070bc00000, 0x000000070be00000|  0%| F|  |TAMS 0x000000070bc00000, 0x000000070bc00000| Untracked 
|  70|0x000000070be00000, 0x000000070be00000, 0x000000070c000000|  0%| F|  |TAMS 0x000000070be00000, 0x000000070be00000| Untracked 
|  71|0x000000070c000000, 0x000000070c000000, 0x000000070c200000|  0%| F|  |TAMS 0x000000070c000000, 0x000000070c000000| Untracked 
|  72|0x000000070c200000, 0x000000070c200000, 0x000000070c400000|  0%| F|  |TAMS 0x000000070c200000, 0x000000070c200000| Untracked 
|  73|0x000000070c400000, 0x000000070c400000, 0x000000070c600000|  0%| F|  |TAMS 0x000000070c400000, 0x000000070c400000| Untracked 
|  74|0x000000070c600000, 0x000000070c600000, 0x000000070c800000|  0%| F|  |TAMS 0x000000070c600000, 0x000000070c600000| Untracked 
|  75|0x000000070c800000, 0x000000070c800000, 0x000000070ca00000|  0%| F|  |TAMS 0x000000070c800000, 0x000000070c800000| Untracked 
|  76|0x000000070ca00000, 0x000000070ca00000, 0x000000070cc00000|  0%| F|  |TAMS 0x000000070ca00000, 0x000000070ca00000| Untracked 
|  77|0x000000070cc00000, 0x000000070cc00000, 0x000000070ce00000|  0%| F|  |TAMS 0x000000070cc00000, 0x000000070cc00000| Untracked 
|  78|0x000000070ce00000, 0x000000070ce00000, 0x000000070d000000|  0%| F|  |TAMS 0x000000070ce00000, 0x000000070ce00000| Untracked 
|  79|0x000000070d000000, 0x000000070d000000, 0x000000070d200000|  0%| F|  |TAMS 0x000000070d000000, 0x000000070d000000| Untracked 
|  80|0x000000070d200000, 0x000000070d200000, 0x000000070d400000|  0%| F|  |TAMS 0x000000070d200000, 0x000000070d200000| Untracked 
|  81|0x000000070d400000, 0x000000070d400000, 0x000000070d600000|  0%| F|  |TAMS 0x000000070d400000, 0x000000070d400000| Untracked 
|  82|0x000000070d600000, 0x000000070d600000, 0x000000070d800000|  0%| F|  |TAMS 0x000000070d600000, 0x000000070d600000| Untracked 
|  83|0x000000070d800000, 0x000000070d800000, 0x000000070da00000|  0%| F|  |TAMS 0x000000070d800000, 0x000000070d800000| Untracked 
|  84|0x000000070da00000, 0x000000070da00000, 0x000000070dc00000|  0%| F|  |TAMS 0x000000070da00000, 0x000000070da00000| Untracked 
|  85|0x000000070dc00000, 0x000000070dc00000, 0x000000070de00000|  0%| F|  |TAMS 0x000000070dc00000, 0x000000070dc00000| Untracked 
|  86|0x000000070de00000, 0x000000070de00000, 0x000000070e000000|  0%| F|  |TAMS 0x000000070de00000, 0x000000070de00000| Untracked 
|  87|0x000000070e000000, 0x000000070e000000, 0x000000070e200000|  0%| F|  |TAMS 0x000000070e000000, 0x000000070e000000| Untracked 
|  88|0x000000070e200000, 0x000000070e200000, 0x000000070e400000|  0%| F|  |TAMS 0x000000070e200000, 0x000000070e200000| Untracked 
|  89|0x000000070e400000, 0x000000070e400000, 0x000000070e600000|  0%| F|  |TAMS 0x000000070e400000, 0x000000070e400000| Untracked 
|  90|0x000000070e600000, 0x000000070e600000, 0x000000070e800000|  0%| F|  |TAMS 0x000000070e600000, 0x000000070e600000| Untracked 
|  91|0x000000070e800000, 0x000000070e800000, 0x000000070ea00000|  0%| F|  |TAMS 0x000000070e800000, 0x000000070e800000| Untracked 
|  92|0x000000070ea00000, 0x000000070ea00000, 0x000000070ec00000|  0%| F|  |TAMS 0x000000070ea00000, 0x000000070ea00000| Untracked 
|  93|0x000000070ec00000, 0x000000070ec00000, 0x000000070ee00000|  0%| F|  |TAMS 0x000000070ec00000, 0x000000070ec00000| Untracked 
|  94|0x000000070ee00000, 0x000000070ee00000, 0x000000070f000000|  0%| F|  |TAMS 0x000000070ee00000, 0x000000070ee00000| Untracked 
|  95|0x000000070f000000, 0x000000070f000000, 0x000000070f200000|  0%| F|  |TAMS 0x000000070f000000, 0x000000070f000000| Untracked 
|  96|0x000000070f200000, 0x000000070f200000, 0x000000070f400000|  0%| F|  |TAMS 0x000000070f200000, 0x000000070f200000| Untracked 
|  97|0x000000070f400000, 0x000000070f400000, 0x000000070f600000|  0%| F|  |TAMS 0x000000070f400000, 0x000000070f400000| Untracked 
|  98|0x000000070f600000, 0x000000070f600000, 0x000000070f800000|  0%| F|  |TAMS 0x000000070f600000, 0x000000070f600000| Untracked 
|  99|0x000000070f800000, 0x000000070f800000, 0x000000070fa00000|  0%| F|  |TAMS 0x000000070f800000, 0x000000070f800000| Untracked 
| 100|0x000000070fa00000, 0x000000070fa00000, 0x000000070fc00000|  0%| F|  |TAMS 0x000000070fa00000, 0x000000070fa00000| Untracked 
| 101|0x000000070fc00000, 0x000000070fc00000, 0x000000070fe00000|  0%| F|  |TAMS 0x000000070fc00000, 0x000000070fc00000| Untracked 
| 102|0x000000070fe00000, 0x000000070fe00000, 0x0000000710000000|  0%| F|  |TAMS 0x000000070fe00000, 0x000000070fe00000| Untracked 
| 103|0x0000000710000000, 0x0000000710000000, 0x0000000710200000|  0%| F|  |TAMS 0x0000000710000000, 0x0000000710000000| Untracked 
| 104|0x0000000710200000, 0x0000000710200000, 0x0000000710400000|  0%| F|  |TAMS 0x0000000710200000, 0x0000000710200000| Untracked 
| 105|0x0000000710400000, 0x0000000710400000, 0x0000000710600000|  0%| F|  |TAMS 0x0000000710400000, 0x0000000710400000| Untracked 
| 106|0x0000000710600000, 0x0000000710600000, 0x0000000710800000|  0%| F|  |TAMS 0x0000000710600000, 0x0000000710600000| Untracked 
| 107|0x0000000710800000, 0x0000000710800000, 0x0000000710a00000|  0%| F|  |TAMS 0x0000000710800000, 0x0000000710800000| Untracked 
| 108|0x0000000710a00000, 0x0000000710a00000, 0x0000000710c00000|  0%| F|  |TAMS 0x0000000710a00000, 0x0000000710a00000| Untracked 
| 109|0x0000000710c00000, 0x0000000710c00000, 0x0000000710e00000|  0%| F|  |TAMS 0x0000000710c00000, 0x0000000710c00000| Untracked 
| 110|0x0000000710e00000, 0x0000000710e00000, 0x0000000711000000|  0%| F|  |TAMS 0x0000000710e00000, 0x0000000710e00000| Untracked 
| 111|0x0000000711000000, 0x0000000711000000, 0x0000000711200000|  0%| F|  |TAMS 0x0000000711000000, 0x0000000711000000| Untracked 
| 112|0x0000000711200000, 0x0000000711200000, 0x0000000711400000|  0%| F|  |TAMS 0x0000000711200000, 0x0000000711200000| Untracked 
| 113|0x0000000711400000, 0x0000000711400000, 0x0000000711600000|  0%| F|  |TAMS 0x0000000711400000, 0x0000000711400000| Untracked 
| 114|0x0000000711600000, 0x0000000711800000, 0x0000000711800000|100%| S|CS|TAMS 0x0000000711600000, 0x0000000711600000| Complete 
| 115|0x0000000711800000, 0x0000000711a00000, 0x0000000711a00000|100%| S|CS|TAMS 0x0000000711800000, 0x0000000711800000| Complete 
| 116|0x0000000711a00000, 0x0000000711a00000, 0x0000000711c00000|  0%| F|  |TAMS 0x0000000711a00000, 0x0000000711a00000| Untracked 
| 117|0x0000000711c00000, 0x0000000711c00000, 0x0000000711e00000|  0%| F|  |TAMS 0x0000000711c00000, 0x0000000711c00000| Untracked 
| 118|0x0000000711e00000, 0x0000000711e00000, 0x0000000712000000|  0%| F|  |TAMS 0x0000000711e00000, 0x0000000711e00000| Untracked 
| 119|0x0000000712000000, 0x0000000712000000, 0x0000000712200000|  0%| F|  |TAMS 0x0000000712000000, 0x0000000712000000| Untracked 
| 120|0x0000000712200000, 0x0000000712200000, 0x0000000712400000|  0%| F|  |TAMS 0x0000000712200000, 0x0000000712200000| Untracked 
| 121|0x0000000712400000, 0x0000000712400000, 0x0000000712600000|  0%| F|  |TAMS 0x0000000712400000, 0x0000000712400000| Untracked 
| 122|0x0000000712600000, 0x0000000712600000, 0x0000000712800000|  0%| F|  |TAMS 0x0000000712600000, 0x0000000712600000| Untracked 
| 123|0x0000000712800000, 0x0000000712800000, 0x0000000712a00000|  0%| F|  |TAMS 0x0000000712800000, 0x0000000712800000| Untracked 
| 124|0x0000000712a00000, 0x0000000712a00000, 0x0000000712c00000|  0%| F|  |TAMS 0x0000000712a00000, 0x0000000712a00000| Untracked 
| 125|0x0000000712c00000, 0x0000000712cfde00, 0x0000000712e00000| 49%| E|  |TAMS 0x0000000712c00000, 0x0000000712c00000| Complete 
| 126|0x0000000712e00000, 0x0000000713000000, 0x0000000713000000|100%| E|CS|TAMS 0x0000000712e00000, 0x0000000712e00000| Complete 

Card table byte_map: [0x000002659cca0000,0x000002659d490000] _byte_map_base: 0x0000026599487000

Marking Bits (Prev, Next): (CMBitMap*) 0x00000265896cf100, (CMBitMap*) 0x00000265896cf140
 Prev Bits: [0x000002659dc80000, 0x00000265a1bb8000)
 Next Bits: [0x00000265a1bc0000, 0x00000265a5af8000)

Polling page: 0x00000265875e0000

Metaspace:

Usage:
  Non-class:     12.42 MB used.
      Class:      1.30 MB used.
       Both:     13.72 MB used.

Virtual space:
  Non-class space:       64.00 MB reserved,      12.56 MB ( 20%) committed,  1 nodes.
      Class space:        1.00 GB reserved,       1.44 MB ( <1%) committed,  1 nodes.
             Both:        1.06 GB reserved,      14.00 MB (  1%) committed. 

Chunk freelists:
   Non-Class:  2.72 MB
       Class:  2.55 MB
        Both:  5.27 MB

MaxMetaspaceSize: unlimited
CompressedClassSpaceSize: 1.00 GB
Initial GC threshold: 21.00 MB
Current GC threshold: 21.00 MB
CDS: off
MetaspaceReclaimPolicy: balanced
 - commit_granule_bytes: 65536.
 - commit_granule_words: 8192.
 - virtual_space_node_default_size: 8388608.
 - enlarge_chunks_in_place: 1.
 - new_chunks_are_fully_committed: 0.
 - uncommit_free_chunks: 1.
 - use_allocation_guard: 0.


Internal statistics:

num_allocs_failed_limit: 0.
num_arena_births: 150.
num_arena_deaths: 0.
num_vsnodes_births: 2.
num_vsnodes_deaths: 0.
num_space_committed: 224.
num_space_uncommitted: 0.
num_chunks_returned_to_freelist: 0.
num_chunks_taken_from_freelist: 317.
num_chunk_merges: 0.
num_chunk_splits: 190.
num_chunks_enlarged: 134.
num_inconsistent_stats: 0.

CodeHeap 'non-profiled nmethods': size=120000Kb used=377Kb max_used=377Kb free=119622Kb
 bounds [0x0000026594a30000, 0x0000026594ca0000, 0x000002659bf60000]
CodeHeap 'profiled nmethods': size=120000Kb used=1970Kb max_used=1970Kb free=118029Kb
 bounds [0x000002658cf60000, 0x000002658d1d0000, 0x0000026594490000]
CodeHeap 'non-nmethods': size=5760Kb used=1243Kb max_used=1272Kb free=4517Kb
 bounds [0x0000026594490000, 0x0000026594700000, 0x0000026594a30000]
 total_blobs=1566 nmethods=1115 adapters=362
 compilation: enabled
              stopped_count=0, restarted_count=0
 full_count=0

Compilation events (20 events):
Event: 1.358 Thread 0x00000265ac8ea5b0 nmethod 1071 0x000002658d13a990 code [0x000002658d13ab20, 0x000002658d13ac98]
Event: 1.358 Thread 0x00000265ac8e9e90 nmethod 1068 0x0000026594a8a990 code [0x0000026594a8ab20, 0x0000026594a8ae38]
Event: 1.358 Thread 0x00000265ac8e9e90 1070       4       jdk.internal.org.objectweb.asm.ByteVector::putByte (39 bytes)
Event: 1.359 Thread 0x00000265acbb9230 nmethod 1069 0x0000026594a8b090 code [0x0000026594a8b240, 0x0000026594a8b4b8]
Event: 1.360 Thread 0x00000265ac8ea5b0 1072       3       sun.invoke.util.VerifyAccess::isMemberAccessible (338 bytes)
Event: 1.360 Thread 0x00000265acbb9230 1073       4       java.lang.StringBuilder::length (5 bytes)
Event: 1.360 Thread 0x00000265acbb9230 nmethod 1073 0x0000026594a8b710 code [0x0000026594a8b880, 0x0000026594a8b8f8]
Event: 1.361 Thread 0x00000265ac8e9e90 nmethod 1070 0x0000026594a8ba10 code [0x0000026594a8bba0, 0x0000026594a8bce8]
Event: 1.362 Thread 0x00000265ac8ea5b0 nmethod 1072 0x000002658d13ad10 code [0x000002658d13b0a0, 0x000002658d13c3d8]
Event: 1.364 Thread 0x00000265ac8ea5b0 1075       3       java.lang.Character::toUpperCase (6 bytes)
Event: 1.364 Thread 0x00000265ac8e9e90 1074       4       java.lang.CharacterDataLatin1::toUpperCase (53 bytes)
Event: 1.364 Thread 0x00000265ac8ea5b0 nmethod 1075 0x000002658d13c990 code [0x000002658d13cb40, 0x000002658d13cd98]
Event: 1.364 Thread 0x00000265ac8ea5b0 1076       3       java.lang.Character::toUpperCase (9 bytes)
Event: 1.364 Thread 0x00000265ac8ea5b0 nmethod 1076 0x000002658d13ce90 code [0x000002658d13d040, 0x000002658d13d238]
Event: 1.364 Thread 0x00000265ac8ea5b0 1077       3       java.util.TreeMap::parentOf (13 bytes)
Event: 1.365 Thread 0x00000265ac8ea5b0 nmethod 1077 0x000002658d13d310 code [0x000002658d13d4c0, 0x000002658d13d638]
Event: 1.365 Thread 0x00000265ac8e9e90 nmethod 1074 0x0000026594a8be10 code [0x0000026594a8bfa0, 0x0000026594a8c0b8]
Event: 1.366 Thread 0x00000265ac8e9e90 1078  s!   4       jdk.internal.loader.URLClassPath::getLoader (194 bytes)
Event: 1.370 Thread 0x00000265acbb9230 1079       4       java.util.ArrayList::get (15 bytes)
Event: 1.372 Thread 0x00000265acbb9230 nmethod 1079 0x0000026594a8c190 code [0x0000026594a8c320, 0x0000026594a8c418]

GC Heap History (2 events):
Event: 1.326 GC heap before
{Heap before GC invocations=0 (full 0):
 garbage-first heap   total 260096K, used 22528K [0x0000000703200000, 0x0000000800000000)
  region size 2048K, 11 young (22528K), 0 survivors (0K)
 Metaspace       used 13221K, committed 13440K, reserved 1114112K
  class space    used 1237K, committed 1344K, reserved 1048576K
}
Event: 1.332 GC heap after
{Heap after GC invocations=1 (full 0):
 garbage-first heap   total 260096K, used 6057K [0x0000000703200000, 0x0000000800000000)
  region size 2048K, 2 young (4096K), 2 survivors (4096K)
 Metaspace       used 13221K, committed 13440K, reserved 1114112K
  class space    used 1237K, committed 1344K, reserved 1048576K
}

Dll operation events (8 events):
Event: 0.015 Loaded shared library C:\Users\samas\.p2\pool\plugins\org.eclipse.justj.openjdk.hotspot.jre.full.win32.x86_64_19.0.2.v20230129-1123\jre\bin\java.dll
Event: 0.024 Loaded shared library C:\Users\samas\.p2\pool\plugins\org.eclipse.justj.openjdk.hotspot.jre.full.win32.x86_64_19.0.2.v20230129-1123\jre\bin\zip.dll
Event: 0.291 Loaded shared library C:\Users\samas\.p2\pool\plugins\org.eclipse.justj.openjdk.hotspot.jre.full.win32.x86_64_19.0.2.v20230129-1123\jre\bin\net.dll
Event: 0.296 Loaded shared library C:\Users\samas\.p2\pool\plugins\org.eclipse.justj.openjdk.hotspot.jre.full.win32.x86_64_19.0.2.v20230129-1123\jre\bin\nio.dll
Event: 0.308 Loaded shared library C:\Users\samas\.p2\pool\plugins\org.eclipse.justj.openjdk.hotspot.jre.full.win32.x86_64_19.0.2.v20230129-1123\jre\bin\zip.dll
Event: 0.496 Loaded shared library C:\Users\samas\.p2\pool\plugins\org.eclipse.justj.openjdk.hotspot.jre.full.win32.x86_64_19.0.2.v20230129-1123\jre\bin\jimage.dll
Event: 1.075 Loaded shared library C:\Users\samas\.p2\pool\plugins\org.eclipse.justj.openjdk.hotspot.jre.full.win32.x86_64_19.0.2.v20230129-1123\jre\bin\management.dll
Event: 1.080 Loaded shared library C:\Users\samas\.p2\pool\plugins\org.eclipse.justj.openjdk.hotspot.jre.full.win32.x86_64_19.0.2.v20230129-1123\jre\bin\management_ext.dll

Deoptimization events (20 events):
Event: 1.024 Thread 0x000002658965cf20 DEOPT PACKING pc=0x000002658cf9adbe sp=0x00000087844faa00
Event: 1.024 Thread 0x000002658965cf20 DEOPT UNPACKING pc=0x00000265944f7543 sp=0x00000087844f9e78 mode 0
Event: 1.206 Thread 0x00000265aca55980 Uncommon trap: trap_request=0xffffffde fr.pc=0x0000026594a686b8 relative=0x0000000000000698
Event: 1.206 Thread 0x00000265aca55980 Uncommon trap: reason=class_check action=maybe_recompile pc=0x0000026594a686b8 method=jdk.internal.loader.URLClassPath.getLoader(I)Ljdk/internal/loader/URLClassPath$Loader; @ 88 c2
Event: 1.206 Thread 0x00000265aca55980 DEOPT PACKING pc=0x0000026594a686b8 sp=0x00000087859fe1d0
Event: 1.206 Thread 0x00000265aca55980 DEOPT UNPACKING pc=0x00000265944f6da3 sp=0x00000087859fe180 mode 2
Event: 1.207 Thread 0x00000265aca55980 Uncommon trap: trap_request=0xffffff45 fr.pc=0x0000026594a7d598 relative=0x00000000000001d8
Event: 1.207 Thread 0x00000265aca55980 Uncommon trap: reason=unstable_if action=reinterpret pc=0x0000026594a7d598 method=java.io.WinNTFileSystem.normalize(Ljava/lang/String;)Ljava/lang/String; @ 128 c2
Event: 1.207 Thread 0x00000265aca55980 DEOPT PACKING pc=0x0000026594a7d598 sp=0x00000087859fdbb0
Event: 1.207 Thread 0x00000265aca55980 DEOPT UNPACKING pc=0x00000265944f6da3 sp=0x00000087859fdb28 mode 2
Event: 1.307 Thread 0x00000265aca55980 Uncommon trap: trap_request=0xffffff45 fr.pc=0x0000026594a86d0c relative=0x000000000000016c
Event: 1.307 Thread 0x00000265aca55980 Uncommon trap: reason=unstable_if action=reinterpret pc=0x0000026594a86d0c method=java.util.concurrent.locks.ReentrantLock$NonfairSync.initialTryLock()Z @ 10 c2
Event: 1.307 Thread 0x00000265aca55980 DEOPT PACKING pc=0x0000026594a86d0c sp=0x00000087859fe0a0
Event: 1.307 Thread 0x00000265aca55980 DEOPT UNPACKING pc=0x00000265944f6da3 sp=0x00000087859fe048 mode 2
Event: 1.311 Thread 0x00000265aca55980 Uncommon trap: trap_request=0xffffff45 fr.pc=0x0000026594a7cba8 relative=0x00000000000004e8
Event: 1.311 Thread 0x00000265aca55980 Uncommon trap: reason=unstable_if action=reinterpret pc=0x0000026594a7cba8 method=java.lang.StringLatin1.newString([BII)Ljava/lang/String; @ 1 c2
Event: 1.311 Thread 0x00000265aca55980 DEOPT PACKING pc=0x0000026594a7cba8 sp=0x00000087859fe020
Event: 1.311 Thread 0x00000265aca55980 DEOPT UNPACKING pc=0x00000265944f6da3 sp=0x00000087859fdf80 mode 2
Event: 1.353 Thread 0x00000265aca55980 DEOPT PACKING pc=0x000002658cfdf7b1 sp=0x00000087859fc9d0
Event: 1.353 Thread 0x00000265aca55980 DEOPT UNPACKING pc=0x00000265944f7543 sp=0x00000087859fbed8 mode 0

Classes loaded (20 events):
Event: 1.360 Loading class sun/nio/fs/WindowsException
Event: 1.360 Loading class sun/nio/fs/WindowsException done
Event: 1.361 Loading class java/util/Hashtable$KeySet
Event: 1.361 Loading class java/util/Hashtable$KeySet done
Event: 1.361 Loading class javax/naming/spi/NamingManager
Event: 1.361 Loading class javax/naming/spi/NamingManager done
Event: 1.361 Loading class javax/naming/NoInitialContextException
Event: 1.361 Loading class javax/naming/NoInitialContextException done
Event: 1.361 Loading class java/lang/ProcessEnvironment
Event: 1.362 Loading class java/lang/ProcessEnvironment done
Event: 1.362 Loading class java/lang/ProcessEnvironment$NameComparator
Event: 1.362 Loading class java/lang/ProcessEnvironment$NameComparator done
Event: 1.363 Loading class java/lang/ProcessEnvironment$EntryComparator
Event: 1.363 Loading class java/lang/ProcessEnvironment$EntryComparator done
Event: 1.363 Loading class java/lang/ProcessEnvironment$CheckedEntrySet
Event: 1.363 Loading class java/lang/ProcessEnvironment$CheckedEntrySet done
Event: 1.363 Loading class java/lang/ProcessEnvironment$CheckedEntrySet$1
Event: 1.363 Loading class java/lang/ProcessEnvironment$CheckedEntrySet$1 done
Event: 1.363 Loading class java/lang/ProcessEnvironment$CheckedEntry
Event: 1.363 Loading class java/lang/ProcessEnvironment$CheckedEntry done

Classes unloaded (0 events):
No events

Classes redefined (0 events):
No events

Internal exceptions (19 events):
Event: 0.609 Thread 0x000002658965cf20 Exception <a 'java/lang/ClassNotFoundException'{0x0000000712738b78}: javax/smartcardio/CardPermission> (0x0000000712738b78) 
thrown [s\src\hotspot\share\classfile\systemDictionary.cpp, line 255]
Event: 0.613 Thread 0x000002658965cf20 Exception <a 'java/io/FileNotFoundException'{0x0000000712747828}> (0x0000000712747828) 
thrown [s\src\hotspot\share\prims\jni.cpp, line 517]
Event: 0.654 Thread 0x000002658965cf20 Exception <a 'java/lang/NoSuchMethodError'{0x00000007127d0a08}: 'java.lang.Object java.lang.invoke.Invokers$Holder.linkToTargetMethod(java.lang.Object, long, java.lang.Object, java.lang.Object)'> (0x00000007127d0a08) 
thrown [s\src\hotspot\share\interpreter\linkResolver.cpp, line 774]
Event: 0.773 Thread 0x000002658965cf20 Exception <a 'java/lang/NoSuchMethodError'{0x00000007125bc1f0}: 'void java.lang.invoke.DirectMethodHandle$Holder.invokeStatic(java.lang.Object, java.lang.Object, java.lang.Object, java.lang.Object)'> (0x00000007125bc1f0) 
thrown [s\src\hotspot\share\interpreter\linkResolver.cpp, line 774]
Event: 0.845 Thread 0x000002658965cf20 Exception <a 'java/lang/NoSuchMethodError'{0x00000007122da350}: 'int java.lang.invoke.DirectMethodHandle$Holder.invokeStaticInit(java.lang.Object, java.lang.Object)'> (0x00000007122da350) 
thrown [s\src\hotspot\share\interpreter\linkResolver.cpp, line 774]
Event: 0.861 Thread 0x000002658965cf20 Exception <a 'java/lang/NoSuchMethodError'{0x000000071231fc20}: 'void java.lang.invoke.DirectMethodHandle$Holder.invokeInterface(java.lang.Object, java.lang.Object, java.lang.Object, java.lang.Object)'> (0x000000071231fc20) 
thrown [s\src\hotspot\share\interpreter\linkResolver.cpp, line 774]
Event: 1.002 Thread 0x000002658965cf20 Exception <a 'java/lang/NoSuchMethodError'{0x0000000712119170}: 'java.lang.Object java.lang.invoke.DirectMethodHandle$Holder.invokeInterface(java.lang.Object, java.lang.Object)'> (0x0000000712119170) 
thrown [s\src\hotspot\share\interpreter\linkResolver.cpp, line 774]
Event: 1.012 Thread 0x000002658965cf20 Exception <a 'java/lang/NoSuchMethodError'{0x0000000712151b78}: 'void java.lang.invoke.DirectMethodHandle$Holder.invokeStatic(java.lang.Object, java.lang.Object, java.lang.Object)'> (0x0000000712151b78) 
thrown [s\src\hotspot\share\interpreter\linkResolver.cpp, line 774]
Event: 1.018 Thread 0x000002658965cf20 Exception <a 'java/lang/NoSuchMethodError'{0x0000000712167360}: 'java.lang.Object java.lang.invoke.DirectMethodHandle$Holder.invokeSpecialIFC(java.lang.Object, java.lang.Object, java.lang.Object, java.lang.Object)'> (0x0000000712167360) 
thrown [s\src\hotspot\share\interpreter\linkResolver.cpp, line 774]
Event: 1.025 Thread 0x000002658965cf20 Exception <a 'java/lang/NoSuchMethodError'{0x00000007121845a0}: 'java.lang.Object java.lang.invoke.DirectMethodHandle$Holder.invokeInterface(java.lang.Object, java.lang.Object, java.lang.Object)'> (0x00000007121845a0) 
thrown [s\src\hotspot\share\interpreter\linkResolver.cpp, line 774]
Event: 1.072 Thread 0x000002658965cf20 Exception <a 'java/lang/NoSuchMethodError'{0x0000000711e83088}: 'java.lang.Object java.lang.invoke.DirectMethodHandle$Holder.invokeStaticInit(java.lang.Object)'> (0x0000000711e83088) 
thrown [s\src\hotspot\share\interpreter\linkResolver.cpp, line 774]
Event: 1.099 Thread 0x000002658965cf20 Exception <a 'java/lang/NoSuchMethodError'{0x0000000711ea3528}: 'int java.lang.invoke.DirectMethodHandle$Holder.invokeSpecial(java.lang.Object, java.lang.Object, java.lang.Object)'> (0x0000000711ea3528) 
thrown [s\src\hotspot\share\interpreter\linkResolver.cpp, line 774]
Event: 1.208 Thread 0x00000265aca55980 Exception <a 'java/lang/NoSuchMethodError'{0x0000000711a04180}: 'void java.lang.invoke.DirectMethodHandle$Holder.invokeStatic(java.lang.Object, java.lang.Object)'> (0x0000000711a04180) 
thrown [s\src\hotspot\share\interpreter\linkResolver.cpp, line 774]
Event: 1.208 Thread 0x00000265aca55980 Exception <a 'java/lang/NoSuchMethodError'{0x0000000711a07bb0}: 'void java.lang.invoke.DirectMethodHandle$Holder.invokeSpecial(java.lang.Object, java.lang.Object, java.lang.Object)'> (0x0000000711a07bb0) 
thrown [s\src\hotspot\share\interpreter\linkResolver.cpp, line 774]
Event: 1.252 Thread 0x00000265aca55980 Exception <a 'java/lang/NoSuchMethodError'{0x0000000711ae27d0}: 'int java.lang.invoke.DirectMethodHandle$Holder.invokeStaticInit(java.lang.Object, java.lang.Object, java.lang.Object)'> (0x0000000711ae27d0) 
thrown [s\src\hotspot\share\interpreter\linkResolver.cpp, line 774]
Event: 1.269 Thread 0x00000265aca55980 Exception <a 'java/lang/NoSuchMethodError'{0x0000000711b3b1f0}: 'java.lang.Object java.lang.invoke.DirectMethodHandle$Holder.newInvokeSpecial(java.lang.Object, java.lang.Object, java.lang.Object, java.lang.Object, java.lang.Object)'> (0x0000000711b3b1f0) 
thrown [s\src\hotspot\share\interpreter\linkResolver.cpp, line 774]
Event: 1.284 Thread 0x00000265aca55980 Exception <a 'java/lang/NoSuchMethodError'{0x0000000711b8af00}: 'java.lang.Object java.lang.invoke.DirectMethodHandle$Holder.invokeStaticInit(java.lang.Object, java.lang.Object, java.lang.Object)'> (0x0000000711b8af00) 
thrown [s\src\hotspot\share\interpreter\linkResolver.cpp, line 774]
Event: 1.337 Thread 0x00000265aca55980 Exception <a 'java/lang/IncompatibleClassChangeError'{0x0000000712e0c418}: Found class java.lang.Object, but interface was expected> (0x0000000712e0c418) 
thrown [s\src\hotspot\share\interpreter\linkResolver.cpp, line 841]
Event: 1.360 Thread 0x00000265aca55980 Exception <a 'sun/nio/fs/WindowsException'{0x0000000712ee24c0}> (0x0000000712ee24c0) 
thrown [s\src\hotspot\share\prims\jni.cpp, line 517]

VM Operations (16 events):
Event: 0.328 Executing VM operation: HandshakeAllThreads
Event: 0.329 Executing VM operation: HandshakeAllThreads done
Event: 0.536 Executing VM operation: HandshakeAllThreads
Event: 0.536 Executing VM operation: HandshakeAllThreads done
Event: 0.753 Executing VM operation: HandshakeAllThreads
Event: 0.753 Executing VM operation: HandshakeAllThreads done
Event: 0.991 Executing VM operation: HandshakeAllThreads
Event: 0.991 Executing VM operation: HandshakeAllThreads done
Event: 0.992 Executing VM operation: HandshakeAllThreads
Event: 0.992 Executing VM operation: HandshakeAllThreads done
Event: 1.326 Executing VM operation: G1CollectForAllocation
Event: 1.332 Executing VM operation: G1CollectForAllocation done
Event: 1.333 Executing VM operation: HandshakeAllThreads
Event: 1.333 Executing VM operation: HandshakeAllThreads done
Event: 1.362 Executing VM operation: HandshakeAllThreads
Event: 1.362 Executing VM operation: HandshakeAllThreads done

Events (15 events):
Event: 0.071 Thread 0x000002658965cf20 Thread added: 0x000002658965cf20
Event: 0.122 Thread 0x00000265ac89b430 Thread added: 0x00000265ac89b430
Event: 0.123 Thread 0x00000265ac89c2c0 Thread added: 0x00000265ac89c2c0
Event: 0.125 Thread 0x00000265ac8bfd60 Thread added: 0x00000265ac8bfd60
Event: 0.125 Thread 0x00000265ac8c0890 Thread added: 0x00000265ac8c0890
Event: 0.125 Thread 0x00000265ac8b14e0 Thread added: 0x00000265ac8b14e0
Event: 0.125 Thread 0x00000265ac8c9940 Thread added: 0x00000265ac8c9940
Event: 0.126 Thread 0x00000265ac8e9e90 Thread added: 0x00000265ac8e9e90
Event: 0.126 Thread 0x00000265ac8ea5b0 Thread added: 0x00000265ac8ea5b0
Event: 0.126 Thread 0x00000265ac8a6e60 Thread added: 0x00000265ac8a6e60
Event: 0.256 Thread 0x00000265aca57410 Thread added: 0x00000265aca57410
Event: 0.267 Thread 0x00000265aca55430 Thread added: 0x00000265aca55430
Event: 0.374 Thread 0x00000265acbb9230 Thread added: 0x00000265acbb9230
Event: 1.198 Thread 0x00000265aca56420 Thread added: 0x00000265aca56420
Event: 1.204 Thread 0x00000265aca55980 Thread added: 0x00000265aca55980


Dynamic libraries:
0x00007ff69ebf0000 - 0x00007ff69ebfe000 	C:\Users\samas\.p2\pool\plugins\org.eclipse.justj.openjdk.hotspot.jre.full.win32.x86_64_19.0.2.v20230129-1123\jre\bin\javaw.exe
0x00007ffe72630000 - 0x00007ffe72847000 	C:\Windows\SYSTEM32\ntdll.dll
0x00007ffe70590000 - 0x00007ffe70654000 	C:\Windows\System32\KERNEL32.DLL
0x00007ffe6fa90000 - 0x00007ffe6fe36000 	C:\Windows\System32\KERNELBASE.dll
0x00007ffe6f970000 - 0x00007ffe6fa81000 	C:\Windows\System32\ucrtbase.dll
0x00007ffe54e80000 - 0x00007ffe54e97000 	C:\Users\samas\.p2\pool\plugins\org.eclipse.justj.openjdk.hotspot.jre.full.win32.x86_64_19.0.2.v20230129-1123\jre\bin\jli.dll
0x00007ffe549c0000 - 0x00007ffe549d9000 	C:\Users\samas\.p2\pool\plugins\org.eclipse.justj.openjdk.hotspot.jre.full.win32.x86_64_19.0.2.v20230129-1123\jre\bin\VCRUNTIME140.dll
0x00007ffe71100000 - 0x00007ffe712ae000 	C:\Windows\System32\USER32.dll
0x00007ffe6ff60000 - 0x00007ffe6ff86000 	C:\Windows\System32\win32u.dll
0x00007ffe52580000 - 0x00007ffe52813000 	C:\Windows\WinSxS\amd64_microsoft.windows.common-controls_6595b64144ccf1df_6.0.22621.2506_none_270c5ae97388e100\COMCTL32.dll
0x00007ffe704e0000 - 0x00007ffe70587000 	C:\Windows\System32\msvcrt.dll
0x00007ffe72080000 - 0x00007ffe720a9000 	C:\Windows\System32\GDI32.dll
0x00007ffe701a0000 - 0x00007ffe702b8000 	C:\Windows\System32\gdi32full.dll
0x00007ffe6fe40000 - 0x00007ffe6feda000 	C:\Windows\System32\msvcp_win.dll
0x00007ffe71430000 - 0x00007ffe71461000 	C:\Windows\System32\IMM32.DLL
0x00007ffe69a90000 - 0x00007ffe69a9c000 	C:\Users\samas\.p2\pool\plugins\org.eclipse.justj.openjdk.hotspot.jre.full.win32.x86_64_19.0.2.v20230129-1123\jre\bin\vcruntime140_1.dll
0x00007ffe52ad0000 - 0x00007ffe52b61000 	C:\Users\samas\.p2\pool\plugins\org.eclipse.justj.openjdk.hotspot.jre.full.win32.x86_64_19.0.2.v20230129-1123\jre\bin\msvcp140.dll
0x00007ffdd45e0000 - 0x00007ffdd52d1000 	C:\Users\samas\.p2\pool\plugins\org.eclipse.justj.openjdk.hotspot.jre.full.win32.x86_64_19.0.2.v20230129-1123\jre\bin\server\jvm.dll
0x00007ffe72140000 - 0x00007ffe721f3000 	C:\Windows\System32\ADVAPI32.dll
0x00007ffe70fa0000 - 0x00007ffe71048000 	C:\Windows\System32\sechost.dll
0x00007ffe70000000 - 0x00007ffe70028000 	C:\Windows\System32\bcrypt.dll
0x00007ffe70c60000 - 0x00007ffe70d77000 	C:\Windows\System32\RPCRT4.dll
0x00007ffe522b0000 - 0x00007ffe522b9000 	C:\Windows\SYSTEM32\WSOCK32.dll
0x00007ffe6c8b0000 - 0x00007ffe6c8e4000 	C:\Windows\SYSTEM32\WINMM.dll
0x00007ffe67770000 - 0x00007ffe6777a000 	C:\Windows\SYSTEM32\VERSION.dll
0x00007ffe71310000 - 0x00007ffe71381000 	C:\Windows\System32\WS2_32.dll
0x00007ffe6ea00000 - 0x00007ffe6ea18000 	C:\Windows\SYSTEM32\kernel.appcore.dll
0x00007ffe6b220000 - 0x00007ffe6b22a000 	C:\Users\samas\.p2\pool\plugins\org.eclipse.justj.openjdk.hotspot.jre.full.win32.x86_64_19.0.2.v20230129-1123\jre\bin\jimage.dll
0x00007ffe6d2a0000 - 0x00007ffe6d4d3000 	C:\Windows\SYSTEM32\DBGHELP.DLL
0x00007ffe71470000 - 0x00007ffe717f9000 	C:\Windows\System32\combase.dll
0x00007ffe72370000 - 0x00007ffe72447000 	C:\Windows\System32\OLEAUT32.dll
0x00007ffe5c400000 - 0x00007ffe5c432000 	C:\Windows\SYSTEM32\dbgcore.DLL
0x00007ffe6fee0000 - 0x00007ffe6ff5a000 	C:\Windows\System32\bcryptPrimitives.dll
0x00007ffe68500000 - 0x00007ffe68526000 	C:\Users\samas\.p2\pool\plugins\org.eclipse.justj.openjdk.hotspot.jre.full.win32.x86_64_19.0.2.v20230129-1123\jre\bin\java.dll
0x00007ffe69a30000 - 0x00007ffe69a48000 	C:\Users\samas\.p2\pool\plugins\org.eclipse.justj.openjdk.hotspot.jre.full.win32.x86_64_19.0.2.v20230129-1123\jre\bin\zip.dll
0x00007ffe71800000 - 0x00007ffe7205b000 	C:\Windows\System32\SHELL32.dll
0x00007ffe6d890000 - 0x00007ffe6e186000 	C:\Windows\SYSTEM32\windows.storage.dll
0x00007ffe6d750000 - 0x00007ffe6d88e000 	C:\Windows\SYSTEM32\wintypes.dll
0x00007ffe70680000 - 0x00007ffe70773000 	C:\Windows\System32\SHCORE.dll
0x00007ffe70480000 - 0x00007ffe704de000 	C:\Windows\System32\shlwapi.dll
0x00007ffe6f8a0000 - 0x00007ffe6f8c6000 	C:\Windows\SYSTEM32\profapi.dll
0x00007ffe69990000 - 0x00007ffe699a3000 	C:\Users\samas\.p2\pool\plugins\org.eclipse.justj.openjdk.hotspot.jre.full.win32.x86_64_19.0.2.v20230129-1123\jre\bin\net.dll
0x00007ffe6c460000 - 0x00007ffe6c597000 	C:\Windows\SYSTEM32\WINHTTP.dll
0x00007ffe6eed0000 - 0x00007ffe6ef39000 	C:\Windows\system32\mswsock.dll
0x00007ffe68bc0000 - 0x00007ffe68bd6000 	C:\Users\samas\.p2\pool\plugins\org.eclipse.justj.openjdk.hotspot.jre.full.win32.x86_64_19.0.2.v20230129-1123\jre\bin\nio.dll
0x00007ffe67eb0000 - 0x00007ffe67eb9000 	C:\Users\samas\.p2\pool\plugins\org.eclipse.justj.openjdk.hotspot.jre.full.win32.x86_64_19.0.2.v20230129-1123\jre\bin\management.dll
0x00007ffe660f0000 - 0x00007ffe660fb000 	C:\Users\samas\.p2\pool\plugins\org.eclipse.justj.openjdk.hotspot.jre.full.win32.x86_64_19.0.2.v20230129-1123\jre\bin\management_ext.dll
0x00007ffe71300000 - 0x00007ffe71308000 	C:\Windows\System32\PSAPI.DLL

dbghelp: loaded successfully - version: 4.0.5 - missing functions: none
symbol engine: initialized successfully - sym options: 0x614 - pdb path: .;C:\Users\samas\.p2\pool\plugins\org.eclipse.justj.openjdk.hotspot.jre.full.win32.x86_64_19.0.2.v20230129-1123\jre\bin;C:\Windows\SYSTEM32;C:\Windows\WinSxS\amd64_microsoft.windows.common-controls_6595b64144ccf1df_6.0.22621.2506_none_270c5ae97388e100;C:\Users\samas\.p2\pool\plugins\org.eclipse.justj.openjdk.hotspot.jre.full.win32.x86_64_19.0.2.v20230129-1123\jre\bin\server

VM Arguments:
jvm_args: -Dfile.encoding=UTF-8 -XX:+ShowCodeDetailsInExceptionMessages 
java_command: com.bibleapp.bibleproject.BibleProjectApplication
java_class_path (initial): D:\ecp-workspace\bible-project\bible-project\target\classes;C:\Users\samas\.m2\repository\org\springframework\boot\spring-boot-starter-actuator\3.2.2\spring-boot-starter-actuator-3.2.2.jar;C:\Users\samas\.m2\repository\org\springframework\boot\spring-boot-starter\3.2.2\spring-boot-starter-3.2.2.jar;C:\Users\samas\.m2\repository\org\springframework\boot\spring-boot-starter-logging\3.2.2\spring-boot-starter-logging-3.2.2.jar;C:\Users\samas\.m2\repository\ch\qos\logback\logback-classic\1.4.14\logback-classic-1.4.14.jar;C:\Users\samas\.m2\repository\ch\qos\logback\logback-core\1.4.14\logback-core-1.4.14.jar;C:\Users\samas\.m2\repository\org\apache\logging\log4j\log4j-to-slf4j\2.21.1\log4j-to-slf4j-2.21.1.jar;C:\Users\samas\.m2\repository\org\apache\logging\log4j\log4j-api\2.21.1\log4j-api-2.21.1.jar;C:\Users\samas\.m2\repository\org\slf4j\jul-to-slf4j\2.0.11\jul-to-slf4j-2.0.11.jar;C:\Users\samas\.m2\repository\jakarta\annotation\jakarta.annotation-api\2.1.1\jakarta.annotation-api-2.1.1.jar;C:\Users\samas\.m2\repository\org\yaml\snakeyaml\2.2\snakeyaml-2.2.jar;C:\Users\samas\.m2\repository\org\springframework\boot\spring-boot-actuator-autoconfigure\3.2.2\spring-boot-actuator-autoconfigure-3.2.2.jar;C:\Users\samas\.m2\repository\org\springframework\boot\spring-boot-actuator\3.2.2\spring-boot-actuator-3.2.2.jar;C:\Users\samas\.m2\repository\com\fasterxml\jackson\datatype\jackson-datatype-jsr310\2.15.3\jackson-datatype-jsr310-2.15.3.jar;C:\Users\samas\.m2\repository\io\micrometer\micrometer-observation\1.12.2\micrometer-observation-1.12.2.jar;C:\Users\samas\.m2\repository\io\micrometer\micrometer-commons\1.12.2\micrometer-commons-1.12.2.jar;C:\Users\samas\.m2\repository\io\micrometer\micrometer-jakarta9\1.12.2\micrometer-jakarta9-1.12.2.jar;C:\Users\samas\.m2\repository\io\micrometer\micrometer-core\1.12.2\micrometer-core-1.12.2.jar;C:\Users\samas\.m2\repository\org\hdrhistogram\HdrHistogram\2.1.12\HdrHistogram-2.1.12.jar;C:\Users\samas\.m2\repository\org\latencyutils\LatencyUtils\2.0.3\LatencyUtils-2.0.3.jar;C:\Users\samas\.m2\repository\org\springframework\boot\spring-boot-starter-web\3.2.2\spring-boot-starter-web-3.2.2.jar;C:\Users\samas\.m2\repository\org\springframework\boot\spring-boot-starter-json\3.2.2\spring-boot-starter-json-3.2.2.jar;C:\Users\samas\.m2\repository\com\fasterxml\jackson\datatype\jackson-datatype-jdk8\2.15.3\jackson-datatype-jdk8-2.15.3.jar;C:\Users\samas\.m2\repository\com\fasterxml\jackson\module\jackson-module-parameter-names\2.15.3\jackson-module-parameter-names-2.15.3.jar;C:\Users\samas\.m2\repository\org\springframework\boot\spring-boot-starter-tomcat\3.2.2\spring-boot-starter-tomcat-3.2.2.jar;C:\Users\samas\.m2\repository\org\apache\tomcat\embed\tomcat-embed-core\10.1.18\tomcat-embed-core-10.1.18.jar;C:\Users\samas\.m2\repository\org\apache\tomcat\embed\tomcat-embed-el\10.1.18\tomcat-embed-el-10.1.18.jar;C:\Users\samas\.m2\repository\org\apache\tomcat\embed\tomcat-embed-websocket\10.1.18\tomcat-embed-websocket-10.1.18.jar;C:\Users\samas\.m2\repository\org\springframework\spring-web\6.1.3\spring-web-6.1.3.jar;C:\Users\samas\.m2\repository\org\springframework\spring-beans\6.1.3\spring-beans-6.1.3.jar;C:\Users\samas\.m2\repository\org\springframework\spring-webmvc\6.1.3\spring-webmvc-6.1.3.jar;C:\Users\samas\.m2\repository\org\springframework\spring-aop\6.1.3\spring-aop-6.1.3.jar;C:\Users\samas\.m2\repository\org\springframework\spring-context\6.1.3\spring-context-6.1.3.jar;C:\Users\samas\.m2\repository\org\springframework\spring-expression\6.1.3\spring-expression-6.1.3.jar;C:\Users\samas\.m2\repository\org\springframework\boot\spring-boot-devtools\3.2.2\spring-boot-devtools-3.2.2.jar;C:\Users\samas\.m2\repository\org\springframework\boot\spring-boot\3.2.2\spring-boot-3.2.2.jar;C:\Users\samas\.m2\repository\org\springframework\boot\spring-boot-autoconfigure\3.2.2\spring-boot-autoconfigure-3.2.2.jar;C:\Users\samas\.m2\repository\org\slf4j\slf4j-api\2.0.11\slf4j-api-2.0.11.jar;C:\Users\samas\.m2\repository\jakarta\xml\bind\jakarta.xml.bind-api\4.0.1\jakarta.xml.bind-api-4.0.1.jar;C:\Users\samas\.m2\repository\jakarta\activation\jakarta.activation-api\2.1.2\jakarta.activation-api-2.1.2.jar;C:\Users\samas\.m2\repository\net\bytebuddy\byte-buddy\1.14.11\byte-buddy-1.14.11.jar;C:\Users\samas\.m2\repository\org\springframework\spring-core\6.1.3\spring-core-6.1.3.jar;C:\Users\samas\.m2\repository\org\springframework\spring-jcl\6.1.3\spring-jcl-6.1.3.jar;C:\Users\samas\.m2\repository\com\fasterxml\jackson\core\jackson-databind\2.15.3\jackson-databind-2.15.3.jar;C:\Users\samas\.m2\repository\com\fasterxml\jackson\core\jackson-annotations\2.15.3\jackson-annotations-2.15.3.jar;C:\Users\samas\.m2\repository\com\fasterxml\jackson\core\jackson-core\2.15.3\jackson-core-2.15.3.jar;C:\Users\samas\.m2\repository\com\mysql\mysql-connector-j\8.0.33\mysql-connector-j-8.0.33.jar;C:\Users\samas\.m2\repository\org\springframework\boot\spring-boot-starter-data-jpa\3.2.2\spring-boot-starter-data-jpa-3.2.2.jar;C:\Users\samas\.m2\repository\org\springframework\boot\spring-boot-starter-aop\3.2.2\spring-boot-starter-aop-3.2.2.jar;C:\Users\samas\.m2\repository\org\aspectj\aspectjweaver\1.9.21\aspectjweaver-1.9.21.jar;C:\Users\samas\.m2\repository\org\springframework\boot\spring-boot-starter-jdbc\3.2.2\spring-boot-starter-jdbc-3.2.2.jar;C:\Users\samas\.m2\repository\com\zaxxer\HikariCP\5.0.1\HikariCP-5.0.1.jar;C:\Users\samas\.m2\repository\org\springframework\spring-jdbc\6.1.3\spring-jdbc-6.1.3.jar;C:\Users\samas\.m2\repository\org\hibernate\orm\hibernate-core\6.4.1.Final\hibernate-core-6.4.1.Final.jar;C:\Users\samas\.m2\repository\jakarta\persistence\jakarta.persistence-api\3.1.0\jakarta.persistence-api-3.1.0.jar;C:\Users\samas\.m2\repository\jakarta\transaction\jakarta.transaction-api\2.0.1\jakarta.transaction-api-2.0.1.jar;C:\Users\samas\.m2\repository\org\jboss\logging\jboss-logging\3.5.3.Final\jboss-logging-3.5.3.Final.jar;C:\Users\samas\.m2\repository\org\hibernate\common\hibernate-commons-annotations\6.0.6.Final\hibernate-commons-annotations-6.0.6.Final.jar;C:\Users\samas\.m2\repository\io\smallrye\jandex\3.1.2\jandex-3.1.2.jar;C:\Users\samas\.m2\repository\com\fasterxml\classmate\1.6.0\classmate-1.6.0.jar;C:\Users\samas\.m2\repository\org\glassfish\jaxb\jaxb-runtime\4.0.4\jaxb-runtime-4.0.4.jar;C:\Users\samas\.m2\repository\org\glassfish\jaxb\jaxb-core\4.0.4\jaxb-core-4.0.4.jar;C:\Users\samas\.m2\repository\org\eclipse\angus\angus-activation\2.0.1\angus-activation-2.0.1.jar;C:\Users\samas\.m2\repository\org\glassfish\jaxb\txw2\4.0.4\txw2-4.0.4.jar;C:\Users\samas\.m2\repository\com\sun\istack\istack-commons-runtime\4.1.2\istack-commons-runtime-4.1.2.jar;C:\Users\samas\.m2\repository\jakarta\inject\jakarta.inject-api\2.0.1\jakarta.inject-api-2.0.1.jar;C:\Users\samas\.m2\repository\org\antlr\antlr4-runtime\4.13.0\antlr4-runtime-4.13.0.jar;C:\Users\samas\.m2\repository\org\springframework\data\spring-data-jpa\3.2.2\spring-data-jpa-3.2.2.jar;C:\Users\samas\.m2\repository\org\springframework\data\spring-data-commons\3.2.2\spring-data-commons-3.2.2.jar;C:\Users\samas\.m2\repository\org\springframework\spring-orm\6.1.3\spring-orm-6.1.3.jar;C:\Users\samas\.m2\repository\org\springframework\spring-tx\6.1.3\spring-tx-6.1.3.jar;C:\Users\samas\.m2\repository\org\springframework\spring-aspects\6.1.3\spring-aspects-6.1.3.jar
Launcher Type: SUN_STANDARD

[Global flags]
     intx CICompilerCount                          = 4                                         {product} {ergonomic}
     uint ConcGCThreads                            = 3                                         {product} {ergonomic}
     uint G1ConcRefinementThreads                  = 10                                        {product} {ergonomic}
   size_t G1HeapRegionSize                         = 2097152                                   {product} {ergonomic}
    uintx GCDrainStackTargetSize                   = 64                                        {product} {ergonomic}
   size_t InitialHeapSize                          = 266338304                                 {product} {ergonomic}
   size_t MarkStackSize                            = 4194304                                   {product} {ergonomic}
   size_t MaxHeapSize                              = 4242538496                                {product} {ergonomic}
   size_t MaxNewSize                               = 2543845376                                {product} {ergonomic}
   size_t MinHeapDeltaBytes                        = 2097152                                   {product} {ergonomic}
   size_t MinHeapSize                              = 8388608                                   {product} {ergonomic}
    uintx NonNMethodCodeHeapSize                   = 5839372                                {pd product} {ergonomic}
    uintx NonProfiledCodeHeapSize                  = 122909434                              {pd product} {ergonomic}
    uintx ProfiledCodeHeapSize                     = 122909434                              {pd product} {ergonomic}
    uintx ReservedCodeCacheSize                    = 251658240                              {pd product} {ergonomic}
     bool SegmentedCodeCache                       = true                                      {product} {ergonomic}
     bool ShowCodeDetailsInExceptionMessages       = true                                   {manageable} {command line}
   size_t SoftMaxHeapSize                          = 4242538496                             {manageable} {ergonomic}
     bool UseCompressedClassPointers               = true                           {product lp64_product} {ergonomic}
     bool UseCompressedOops                        = true                           {product lp64_product} {ergonomic}
     bool UseG1GC                                  = true                                      {product} {ergonomic}
     bool UseLargePagesIndividualAllocation        = false                                  {pd product} {ergonomic}

Logging:
Log output configuration:
 #0: stdout all=warning uptime,level,tags foldmultilines=false
 #1: stderr all=off uptime,level,tags foldmultilines=false

Environment Variables:
PATH=C:/Users/samas/.p2/pool/plugins/org.eclipse.justj.openjdk.hotspot.jre.full.win32.x86_64_19.0.2.v20230129-1123/jre/bin/server;C:/Users/samas/.p2/pool/plugins/org.eclipse.justj.openjdk.hotspot.jre.full.win32.x86_64_19.0.2.v20230129-1123/jre/bin;C:\Program Files\Eclipse Adoptium\jdk-21.0.1.12-hotspot\bin;D:\VMBox\bin\;C:\Program Files (x86)\Intel\Intel(R) Management Engine Components\iCLS\;C:\Program Files\Intel\Intel(R) Management Engine Components\iCLS\;C:\Windows\system32;C:\Windows;C:\Windows\System32\Wbem;C:\Windows\System32\WindowsPowerShell\v1.0\;C:\Windows\System32\OpenSSH\;C:\Program Files (x86)\Intel\Intel(R) Management Engine Components\DAL;C:\Program Files\Intel\Intel(R) Management Engine Components\DAL;C:\Program Files (x86)\Intel\Intel(R) Management Engine Components\IPT;C:\Program Files\Intel\Intel(R) Management Engine Components\IPT;C:\Program Files\Intel\WiFi\bin\;C:\Program Files\Common Files\Intel\WirelessCommon\;C:\Program Files (x86)\NVIDIA Corporation\PhysX\Common;C:\Windows\system32;C:\Windows;C:\Windows\System32\Wbem;C:\Windows\System32\WindowsPowerShell\v1.0\;C:\Windows\System32\OpenSSH\;D:\Nodejs\;D:\Git\cmd;C:\Program Files\Docker\Docker\resources\bin;C:\Program Files\NVIDIA Corporation\NVIDIA NvDLISR;C:\Users\samas\AppData\Local\Microsoft\WindowsApps;D:\Microsoft VS Code\bin;C:\Users\samas\AppData\Local\GitHubDesktop\bin;C:\Users\samas\AppData\Roaming\npm;D:\mongosh\;C:\Users\samas\AppData\Local\Google\Cloud SDK\google-cloud-sdk\bin;C:\Users\samas\Desktop;
USERNAME=samas
OS=Windows_NT
PROCESSOR_IDENTIFIER=Intel64 Family 6 Model 158 Stepping 10, GenuineIntel
TMP=C:\Users\samas\AppData\Local\Temp
TEMP=C:\Users\samas\AppData\Local\Temp



---------------  S Y S T E M  ---------------

OS:
 Windows 11 , 64 bit Build 22621 (10.0.22621.3085)
OS uptime: 0 days 4:55 hours
Hyper-V role detected

CPU: total 12 (initial active 12) (6 cores per cpu, 2 threads per core) family 6 model 158 stepping 10 microcode 0xec, cx8, cmov, fxsr, ht, mmx, 3dnowpref, sse, sse2, sse3, ssse3, sse4.1, sse4.2, popcnt, lzcnt, tsc, tscinvbit, avx, avx2, aes, erms, clmul, bmi1, bmi2, adx, fma, vzeroupper, clflush, clflushopt, hv, rdtscp

Memory: 4k page, system-wide physical 16178M (2827M free)
TotalPageFile size 26163M (AvailPageFile size 5M)
current process WorkingSet (physical memory assigned to process): 88M, peak: 88M
current process commit charge ("private bytes"): 364M, peak: 364M

vm_info: OpenJDK 64-Bit Server VM (19.0.2+7) for windows-amd64 JRE (19.0.2+7), built on 2023-01-17T00:00:00Z by "temurin" with MS VC++ 16.7 (VS2019)

END.
